[debug] [2024-05-06T03:35:16.738Z] ----------------------------------------------------------------------
[debug] [2024-05-06T03:35:16.740Z] Command:       C:\Program Files\nodejs\node.exe C:\Program Files\nodejs\node_modules\firebase-tools\lib\bin\firebase.js emulators:start --only functions
[debug] [2024-05-06T03:35:16.740Z] CLI Version:   13.8.0
[debug] [2024-05-06T03:35:16.740Z] Platform:      win32
[debug] [2024-05-06T03:35:16.741Z] Node Version:  v18.16.0
[debug] [2024-05-06T03:35:16.742Z] Time:          Mon May 06 2024 10:35:16 GMT+0700 (Indochina Time)
[debug] [2024-05-06T03:35:16.742Z] ----------------------------------------------------------------------
[debug] 
[debug] [2024-05-06T03:35:16.875Z] > command requires scopes: ["email","openid","https://www.googleapis.com/auth/cloudplatformprojects.readonly","https://www.googleapis.com/auth/firebase","https://www.googleapis.com/auth/cloud-platform"]
[debug] [2024-05-06T03:35:16.875Z] > authorizing via signed-in user (tiendat@meowcart.net)
[info] i  emulators: Starting emulators: functions {"metadata":{"emulator":{"name":"hub"},"message":"Starting emulators: functions"}}
[debug] [2024-05-06T03:35:16.886Z] [logging] Logging Emulator only supports listening on one address (127.0.0.1). Not listening on ::1
[debug] [2024-05-06T03:35:16.886Z] assigned listening specs for emulators {"user":{"hub":[{"address":"127.0.0.1","family":"IPv4","port":4400},{"address":"::1","family":"IPv6","port":4400}],"ui":[{"address":"127.0.0.1","family":"IPv4","port":4000},{"address":"::1","family":"IPv6","port":4000}],"logging":[{"address":"127.0.0.1","family":"IPv4","port":4500}]},"metadata":{"message":"assigned listening specs for emulators"}}
[debug] [2024-05-06T03:35:16.893Z] [hub] writing locator at C:\Users\LENOVO\AppData\Local\Temp\hub-meowcart-app.json
[debug] [2024-05-06T03:35:16.910Z] [functions] Functions Emulator only supports listening on one address (127.0.0.1). Not listening on ::1
[debug] [2024-05-06T03:35:16.910Z] [eventarc] Eventarc Emulator only supports listening on one address (127.0.0.1). Not listening on ::1
[debug] [2024-05-06T03:35:16.910Z] late-assigned ports for functions and eventarc emulators {"user":{"hub":[{"address":"127.0.0.1","family":"IPv4","port":4400},{"address":"::1","family":"IPv6","port":4400}],"ui":[{"address":"127.0.0.1","family":"IPv4","port":4000},{"address":"::1","family":"IPv6","port":4000}],"logging":[{"address":"127.0.0.1","family":"IPv4","port":4500}],"functions":[{"address":"127.0.0.1","family":"IPv4","port":5001}],"eventarc":[{"address":"127.0.0.1","family":"IPv4","port":9299}]},"metadata":{"message":"late-assigned ports for functions and eventarc emulators"}}
[warn] !  functions: The following emulators are not running, calls to these services from the Functions emulator will affect production: auth, firestore, database, hosting, pubsub, storage, dataconnect {"metadata":{"emulator":{"name":"functions"},"message":"The following emulators are not running, calls to these services from the Functions emulator will affect production: \u001b[1mauth, firestore, database, hosting, pubsub, storage, dataconnect\u001b[22m"}}
[debug] [2024-05-06T03:35:16.914Z] defaultcredentials: writing to file C:\Users\LENOVO\AppData\Roaming\firebase\tiendat_meowcart_net_application_default_credentials.json
[debug] [2024-05-06T03:35:16.917Z] Setting GAC to C:\Users\LENOVO\AppData\Roaming\firebase\tiendat_meowcart_net_application_default_credentials.json {"metadata":{"emulator":{"name":"functions"},"message":"Setting GAC to C:\\Users\\LENOVO\\AppData\\Roaming\\firebase\\tiendat_meowcart_net_application_default_credentials.json"}}
[debug] [2024-05-06T03:35:16.920Z] >>> [apiv2][query] GET https://firebase.googleapis.com/v1beta1/projects/meowcart-app/adminSdkConfig [none]
[debug] [2024-05-06T03:35:17.347Z] <<< [apiv2][status] GET https://firebase.googleapis.com/v1beta1/projects/meowcart-app/adminSdkConfig 200
[debug] [2024-05-06T03:35:17.347Z] <<< [apiv2][body] GET https://firebase.googleapis.com/v1beta1/projects/meowcart-app/adminSdkConfig {"projectId":"meowcart-app","storageBucket":"meowcart-app.appspot.com"}
[debug] [2024-05-06T03:35:17.373Z] Ignoring unsupported arg: auto_download {"metadata":{"emulator":{"name":"ui"},"message":"Ignoring unsupported arg: auto_download"}}
[debug] [2024-05-06T03:35:17.373Z] Ignoring unsupported arg: port {"metadata":{"emulator":{"name":"ui"},"message":"Ignoring unsupported arg: port"}}
[debug] [2024-05-06T03:35:17.373Z] Starting Emulator UI with command {"binary":"node","args":["C:\\Users\\LENOVO\\.cache\\firebase\\emulators\\ui-v1.11.8\\server\\server.mjs"],"optionalArgs":[],"joinArgs":false,"shell":false} {"metadata":{"emulator":{"name":"ui"},"message":"Starting Emulator UI with command {\"binary\":\"node\",\"args\":[\"C:\\\\Users\\\\LENOVO\\\\.cache\\\\firebase\\\\emulators\\\\ui-v1.11.8\\\\server\\\\server.mjs\"],\"optionalArgs\":[],\"joinArgs\":false,\"shell\":false}"}}
[info] i  ui: Emulator UI logging to ui-debug.log {"metadata":{"emulator":{"name":"ui"},"message":"Emulator UI logging to \u001b[1mui-debug.log\u001b[22m"}}
[debug] [2024-05-06T03:35:17.547Z] Web / API server started at 127.0.0.1:4000
 {"metadata":{"emulator":{"name":"ui"},"message":"Web / API server started at 127.0.0.1:4000\n"}}
[debug] [2024-05-06T03:35:17.548Z] Web / API server started at ::1:4000
 {"metadata":{"emulator":{"name":"ui"},"message":"Web / API server started at ::1:4000\n"}}
[info] i  functions: Watching "C:\Users\LENOVO\Desktop\Practice_Shopify\Shopify-app-Authenticate\functions" for Cloud Functions... {"metadata":{"emulator":{"name":"functions"},"message":"Watching \"C:\\Users\\LENOVO\\Desktop\\Practice_Shopify\\Shopify-app-Authenticate\\functions\" for Cloud Functions..."}}
[debug] [2024-05-06T03:35:17.603Z] Validating nodejs source
[debug] [2024-05-06T03:35:19.404Z] > [functions] package.json contents: {
  "name": "functions",
  "description": "Cloud Functions for Firebase",
  "scripts": {
    "serve": "firebase emulators:start --only functions",
    "shell": "firebase functions:shell",
    "start": "npm run shell",
    "deploy": "firebase deploy --only functions",
    "logs": "firebase functions:log"
  },
  "engines": {
    "node": "18"
  },
  "main": "src/index.js",
  "dependencies": {
    "axios": "^1.6.8",
    "express": "^4.19.2",
    "firebase-admin": "^12.1.0",
    "firebase-functions": "^5.0.0"
  },
  "devDependencies": {
    "firebase-functions-test": "^3.1.0"
  },
  "private": true
}
[debug] [2024-05-06T03:35:19.405Z] Building nodejs source
[debug] [2024-05-06T03:35:19.405Z] Failed to find version of module node: reached end of search path C:\Users\LENOVO\Desktop\Practice_Shopify\Shopify-app-Authenticate\functions\node_modules
[info] +  functions: Using node@18 from host. 
[debug] [2024-05-06T03:35:19.407Z] Could not find functions.yaml. Must use http discovery
[debug] [2024-05-06T03:35:19.415Z] Found firebase-functions binary at 'C:\Users\LENOVO\Desktop\Practice_Shopify\Shopify-app-Authenticate\functions\node_modules\.bin\firebase-functions'
[info] Serving at port 8514

[debug] [2024-05-06T03:35:19.972Z] Got response from /__/functions.yaml {"endpoints":{"academy":{"platform":"gcfv1","availableMemoryMb":null,"timeoutSeconds":null,"minInstances":null,"maxInstances":null,"ingressSettings":null,"serviceAccountEmail":null,"vpc":null,"region":["asia-southeast1"],"httpsTrigger":{},"entryPoint":"academy"}},"specVersion":"v1alpha1","requiredAPIs":[]}
[info] +  functions: Loaded functions definitions from source: academy. {"metadata":{"emulator":{"name":"functions"},"message":"Loaded functions definitions from source: academy."}}
[info] +  functions[asia-southeast1-academy]: http function initialized (http://127.0.0.1:5001/meowcart-app/asia-southeast1/academy). {"metadata":{"emulator":{"name":"functions"},"message":"\u001b[1mhttp\u001b[22m function initialized (http://127.0.0.1:5001/meowcart-app/asia-southeast1/academy)."}}
[info] 
┌─────────────────────────────────────────────────────────────┐
│ ✔  All emulators ready! It is now safe to connect your app. │
│ i  View Emulator UI at http://127.0.0.1:4000/               │
└─────────────────────────────────────────────────────────────┘

┌───────────┬────────────────┬─────────────────────────────────┐
│ Emulator  │ Host:Port      │ View in Emulator UI             │
├───────────┼────────────────┼─────────────────────────────────┤
│ Functions │ 127.0.0.1:5001 │ http://127.0.0.1:4000/functions │
└───────────┴────────────────┴─────────────────────────────────┘
  Emulator Hub running at 127.0.0.1:4400
  Other reserved ports: 4500

Issues? Report them at https://github.com/firebase/firebase-tools/issues and attach the *-debug.log files.
 
[debug] [2024-05-06T03:35:36.348Z] [work-queue] {"queuedWork":["/meowcart-app/asia-southeast1/academy/-2024-05-06T03:35:36.348Z"],"queueLength":1,"runningWork":[],"workRunningCount":0}
[debug] [2024-05-06T03:35:36.349Z] [work-queue] {"queuedWork":[],"queueLength":0,"runningWork":["/meowcart-app/asia-southeast1/academy/-2024-05-06T03:35:36.348Z"],"workRunningCount":1}
[debug] [2024-05-06T03:35:36.350Z] Accepted request GET /meowcart-app/asia-southeast1/academy/?shop=000undefined-clone --> asia-southeast1-academy
[debug] [2024-05-06T03:35:36.357Z] [functions] Runtime ready! Sending request! {"metadata":{"emulator":{"name":"functions"},"message":"[functions] Runtime ready! Sending request!"}}
[debug] [2024-05-06T03:35:36.359Z] [functions] Got req.url=/meowcart-app/asia-southeast1/academy/?shop=000undefined-clone, mapping to path=/?shop=000undefined-clone {"metadata":{"emulator":{"name":"functions"},"message":"[functions] Got req.url=/meowcart-app/asia-southeast1/academy/?shop=000undefined-clone, mapping to path=/?shop=000undefined-clone"}}
[debug] [2024-05-06T03:35:36.370Z] [worker-pool] addWorker(asia-southeast1-academy) {"metadata":{"emulator":{"name":"functions"},"message":"[worker-pool] addWorker(asia-southeast1-academy)"}}
[debug] [2024-05-06T03:35:36.372Z] [worker-pool] Adding worker with key asia-southeast1-academy, total=1 {"metadata":{"emulator":{"name":"functions"},"message":"[worker-pool] Adding worker with key asia-southeast1-academy, total=1"}}
[debug] [2024-05-06T03:35:37.616Z] [runtime-status] [9424] Resolved module firebase-admin {"declared":true,"installed":true,"version":"12.1.0","resolution":"C:\\Users\\LENOVO\\Desktop\\Practice_Shopify\\Shopify-app-Authenticate\\functions\\node_modules\\firebase-admin\\lib\\index.js"} {"metadata":{"emulator":{"name":"functions"},"function":{"name":"asia-southeast1-academy"},"extension":{},"message":"[runtime-status] [9424] Resolved module firebase-admin {\"declared\":true,\"installed\":true,\"version\":\"12.1.0\",\"resolution\":\"C:\\\\Users\\\\LENOVO\\\\Desktop\\\\Practice_Shopify\\\\Shopify-app-Authenticate\\\\functions\\\\node_modules\\\\firebase-admin\\\\lib\\\\index.js\"}"}}
[debug] [2024-05-06T03:35:37.617Z] [runtime-status] [9424] Resolved module firebase-functions {"declared":true,"installed":true,"version":"5.0.1","resolution":"C:\\Users\\LENOVO\\Desktop\\Practice_Shopify\\Shopify-app-Authenticate\\functions\\node_modules\\firebase-functions\\lib\\v1\\index.js"} {"metadata":{"emulator":{"name":"functions"},"function":{"name":"asia-southeast1-academy"},"extension":{},"message":"[runtime-status] [9424] Resolved module firebase-functions {\"declared\":true,\"installed\":true,\"version\":\"5.0.1\",\"resolution\":\"C:\\\\Users\\\\LENOVO\\\\Desktop\\\\Practice_Shopify\\\\Shopify-app-Authenticate\\\\functions\\\\node_modules\\\\firebase-functions\\\\lib\\\\v1\\\\index.js\"}"}}
[debug] [2024-05-06T03:35:37.618Z] [runtime-status] [9424] Outgoing network have been stubbed. [{"name":"http","status":"mocked"},{"name":"http","status":"mocked"},{"name":"https","status":"mocked"},{"name":"https","status":"mocked"},{"name":"net","status":"mocked"}] {"metadata":{"emulator":{"name":"functions"},"function":{"name":"asia-southeast1-academy"},"extension":{},"message":"[runtime-status] [9424] Outgoing network have been stubbed. [{\"name\":\"http\",\"status\":\"mocked\"},{\"name\":\"http\",\"status\":\"mocked\"},{\"name\":\"https\",\"status\":\"mocked\"},{\"name\":\"https\",\"status\":\"mocked\"},{\"name\":\"net\",\"status\":\"mocked\"}]"}}
[debug] [2024-05-06T03:35:37.619Z] [runtime-status] [9424] Resolved module firebase-functions {"declared":true,"installed":true,"version":"5.0.1","resolution":"C:\\Users\\LENOVO\\Desktop\\Practice_Shopify\\Shopify-app-Authenticate\\functions\\node_modules\\firebase-functions\\lib\\v1\\index.js"} {"metadata":{"emulator":{"name":"functions"},"function":{"name":"asia-southeast1-academy"},"extension":{},"message":"[runtime-status] [9424] Resolved module firebase-functions {\"declared\":true,\"installed\":true,\"version\":\"5.0.1\",\"resolution\":\"C:\\\\Users\\\\LENOVO\\\\Desktop\\\\Practice_Shopify\\\\Shopify-app-Authenticate\\\\functions\\\\node_modules\\\\firebase-functions\\\\lib\\\\v1\\\\index.js\"}"}}
[debug] [2024-05-06T03:35:37.863Z] [runtime-status] [9424] Checked functions.config() {"config":{}} {"metadata":{"emulator":{"name":"functions"},"function":{"name":"asia-southeast1-academy"},"extension":{},"message":"[runtime-status] [9424] Checked functions.config() {\"config\":{}}"}}
[debug] [2024-05-06T03:35:37.863Z] [runtime-status] [9424] firebase-functions has been stubbed. {"functionsResolution":{"declared":true,"installed":true,"version":"5.0.1","resolution":"C:\\Users\\LENOVO\\Desktop\\Practice_Shopify\\Shopify-app-Authenticate\\functions\\node_modules\\firebase-functions\\lib\\v1\\index.js"}} {"metadata":{"emulator":{"name":"functions"},"function":{"name":"asia-southeast1-academy"},"extension":{},"message":"[runtime-status] [9424] firebase-functions has been stubbed. {\"functionsResolution\":{\"declared\":true,\"installed\":true,\"version\":\"5.0.1\",\"resolution\":\"C:\\\\Users\\\\LENOVO\\\\Desktop\\\\Practice_Shopify\\\\Shopify-app-Authenticate\\\\functions\\\\node_modules\\\\firebase-functions\\\\lib\\\\v1\\\\index.js\"}}"}}
[debug] [2024-05-06T03:35:37.864Z] [runtime-status] [9424] Resolved module firebase-functions {"declared":true,"installed":true,"version":"5.0.1","resolution":"C:\\Users\\LENOVO\\Desktop\\Practice_Shopify\\Shopify-app-Authenticate\\functions\\node_modules\\firebase-functions\\lib\\v1\\index.js"} {"metadata":{"emulator":{"name":"functions"},"function":{"name":"asia-southeast1-academy"},"extension":{},"message":"[runtime-status] [9424] Resolved module firebase-functions {\"declared\":true,\"installed\":true,\"version\":\"5.0.1\",\"resolution\":\"C:\\\\Users\\\\LENOVO\\\\Desktop\\\\Practice_Shopify\\\\Shopify-app-Authenticate\\\\functions\\\\node_modules\\\\firebase-functions\\\\lib\\\\v1\\\\index.js\"}"}}
[debug] [2024-05-06T03:35:37.866Z] [runtime-status] [9424] Resolved module firebase-admin {"declared":true,"installed":true,"version":"12.1.0","resolution":"C:\\Users\\LENOVO\\Desktop\\Practice_Shopify\\Shopify-app-Authenticate\\functions\\node_modules\\firebase-admin\\lib\\index.js"} {"metadata":{"emulator":{"name":"functions"},"function":{"name":"asia-southeast1-academy"},"extension":{},"message":"[runtime-status] [9424] Resolved module firebase-admin {\"declared\":true,\"installed\":true,\"version\":\"12.1.0\",\"resolution\":\"C:\\\\Users\\\\LENOVO\\\\Desktop\\\\Practice_Shopify\\\\Shopify-app-Authenticate\\\\functions\\\\node_modules\\\\firebase-admin\\\\lib\\\\index.js\"}"}}
[debug] [2024-05-06T03:35:37.868Z] [runtime-status] [9424] Resolved module firebase-functions {"declared":true,"installed":true,"version":"5.0.1","resolution":"C:\\Users\\LENOVO\\Desktop\\Practice_Shopify\\Shopify-app-Authenticate\\functions\\node_modules\\firebase-functions\\lib\\v1\\index.js"} {"metadata":{"emulator":{"name":"functions"},"function":{"name":"asia-southeast1-academy"},"extension":{},"message":"[runtime-status] [9424] Resolved module firebase-functions {\"declared\":true,\"installed\":true,\"version\":\"5.0.1\",\"resolution\":\"C:\\\\Users\\\\LENOVO\\\\Desktop\\\\Practice_Shopify\\\\Shopify-app-Authenticate\\\\functions\\\\node_modules\\\\firebase-functions\\\\lib\\\\v1\\\\index.js\"}"}}
[debug] [2024-05-06T03:35:37.870Z] [runtime-status] [9424] firebase-admin has been stubbed. {"adminResolution":{"declared":true,"installed":true,"version":"12.1.0","resolution":"C:\\Users\\LENOVO\\Desktop\\Practice_Shopify\\Shopify-app-Authenticate\\functions\\node_modules\\firebase-admin\\lib\\index.js"}} {"metadata":{"emulator":{"name":"functions"},"function":{"name":"asia-southeast1-academy"},"extension":{},"message":"[runtime-status] [9424] firebase-admin has been stubbed. {\"adminResolution\":{\"declared\":true,\"installed\":true,\"version\":\"12.1.0\",\"resolution\":\"C:\\\\Users\\\\LENOVO\\\\Desktop\\\\Practice_Shopify\\\\Shopify-app-Authenticate\\\\functions\\\\node_modules\\\\firebase-admin\\\\lib\\\\index.js\"}}"}}
[debug] [2024-05-06T03:35:37.989Z] [runtime-status] [9424] Functions runtime initialized. {"cwd":"C:\\Users\\LENOVO\\Desktop\\Practice_Shopify\\Shopify-app-Authenticate\\functions","node_version":"18.16.0"} {"metadata":{"emulator":{"name":"functions"},"function":{"name":"asia-southeast1-academy"},"extension":{},"message":"[runtime-status] [9424] Functions runtime initialized. {\"cwd\":\"C:\\\\Users\\\\LENOVO\\\\Desktop\\\\Practice_Shopify\\\\Shopify-app-Authenticate\\\\functions\",\"node_version\":\"18.16.0\"}"}}
[debug] [2024-05-06T03:35:37.989Z] [runtime-status] [9424] Listening to port: \\?\pipe\fire_emu_0bed5e4c2f9e8d96 {"metadata":{"emulator":{"name":"functions"},"function":{"name":"asia-southeast1-academy"},"extension":{},"message":"[runtime-status] [9424] Listening to port: \\\\?\\pipe\\fire_emu_0bed5e4c2f9e8d96"}}
[debug] [2024-05-06T03:35:38.026Z] [worker-asia-southeast1-academy-f3716a02-3713-487b-81e3-d72d582a67d1]: IDLE {"metadata":{"emulator":{"name":"functions"},"function":{"name":"asia-southeast1-academy"},"extension":{},"message":"[worker-asia-southeast1-academy-f3716a02-3713-487b-81e3-d72d582a67d1]: IDLE"}}
[debug] [2024-05-06T03:35:38.026Z] [worker-pool] submitRequest(triggerId=asia-southeast1-academy) {"metadata":{"emulator":{"name":"functions"},"message":"[worker-pool] submitRequest(triggerId=asia-southeast1-academy)"}}
[info] i  functions: Beginning execution of "asia-southeast1-academy" {"metadata":{"emulator":{"name":"functions"},"function":{"name":"asia-southeast1-academy"},"extension":{},"message":"Beginning execution of \"asia-southeast1-academy\""}}
[debug] [2024-05-06T03:35:38.027Z] [worker-asia-southeast1-academy-f3716a02-3713-487b-81e3-d72d582a67d1]: BUSY {"metadata":{"emulator":{"name":"functions"},"function":{"name":"asia-southeast1-academy"},"extension":{},"message":"[worker-asia-southeast1-academy-f3716a02-3713-487b-81e3-d72d582a67d1]: BUSY"}}
[debug] [2024-05-06T03:35:38.035Z] Finishing up request with event=pause {"metadata":{"emulator":{"name":"functions"},"function":{"name":"asia-southeast1-academy"},"extension":{},"message":"Finishing up request with event=pause"}}
[info] i  functions: Finished "asia-southeast1-academy" in 8.6458ms {"metadata":{"emulator":{"name":"functions"},"function":{"name":"asia-southeast1-academy"},"extension":{},"message":"Finished \"asia-southeast1-academy\" in 8.6458ms"}}
[debug] [2024-05-06T03:35:38.036Z] [worker-asia-southeast1-academy-f3716a02-3713-487b-81e3-d72d582a67d1]: IDLE {"metadata":{"emulator":{"name":"functions"},"function":{"name":"asia-southeast1-academy"},"extension":{},"message":"[worker-asia-southeast1-academy-f3716a02-3713-487b-81e3-d72d582a67d1]: IDLE"}}
[debug] [2024-05-06T03:35:38.037Z] Finishing up request with event=finish {"metadata":{"emulator":{"name":"functions"},"function":{"name":"asia-southeast1-academy"},"extension":{},"message":"Finishing up request with event=finish"}}
[debug] [2024-05-06T03:35:38.037Z] Finishing up request with event=close {"metadata":{"emulator":{"name":"functions"},"function":{"name":"asia-southeast1-academy"},"extension":{},"message":"Finishing up request with event=close"}}
[debug] [2024-05-06T03:35:38.037Z] [work-queue] {"queuedWork":[],"queueLength":0,"runningWork":[],"workRunningCount":0}
[debug] [2024-05-06T03:35:47.029Z] [work-queue] {"queuedWork":["/meowcart-app/asia-southeast1/academy/callback-2024-05-06T03:35:47.029Z"],"queueLength":1,"runningWork":[],"workRunningCount":0}
[debug] [2024-05-06T03:35:47.030Z] [work-queue] {"queuedWork":[],"queueLength":0,"runningWork":["/meowcart-app/asia-southeast1/academy/callback-2024-05-06T03:35:47.029Z"],"workRunningCount":1}
[debug] [2024-05-06T03:35:47.030Z] Accepted request GET /meowcart-app/asia-southeast1/academy/callback?code=0e5ff37d64c6ad8c6f8b79ad37713da0&hmac=ed0636cf356b55627b76f270a19db71b7141dacb22ba6c8384295135346a171f&host=YWRtaW4uc2hvcGlmeS5jb20vc3RvcmUvMDAwdW5kZWZpbmVkLWNsb25l&shop=000undefined-clone.myshopify.com&state=2kV8FXLQOBkHAVx%2FBcwQ7w%3D%3D&timestamp=1714966546 --> asia-southeast1-academy
[debug] [2024-05-06T03:35:47.037Z] [functions] Runtime ready! Sending request! {"metadata":{"emulator":{"name":"functions"},"message":"[functions] Runtime ready! Sending request!"}}
[debug] [2024-05-06T03:35:47.038Z] [functions] Got req.url=/meowcart-app/asia-southeast1/academy/callback?code=0e5ff37d64c6ad8c6f8b79ad37713da0&hmac=ed0636cf356b55627b76f270a19db71b7141dacb22ba6c8384295135346a171f&host=YWRtaW4uc2hvcGlmeS5jb20vc3RvcmUvMDAwdW5kZWZpbmVkLWNsb25l&shop=000undefined-clone.myshopify.com&state=2kV8FXLQOBkHAVx%2FBcwQ7w%3D%3D&timestamp=1714966546, mapping to path=/callback?code=0e5ff37d64c6ad8c6f8b79ad37713da0&hmac=ed0636cf356b55627b76f270a19db71b7141dacb22ba6c8384295135346a171f&host=YWRtaW4uc2hvcGlmeS5jb20vc3RvcmUvMDAwdW5kZWZpbmVkLWNsb25l&shop=000undefined-clone.myshopify.com&state=2kV8FXLQOBkHAVx%2FBcwQ7w%3D%3D&timestamp=1714966546 {"metadata":{"emulator":{"name":"functions"},"message":"[functions] Got req.url=/meowcart-app/asia-southeast1/academy/callback?code=0e5ff37d64c6ad8c6f8b79ad37713da0&hmac=ed0636cf356b55627b76f270a19db71b7141dacb22ba6c8384295135346a171f&host=YWRtaW4uc2hvcGlmeS5jb20vc3RvcmUvMDAwdW5kZWZpbmVkLWNsb25l&shop=000undefined-clone.myshopify.com&state=2kV8FXLQOBkHAVx%2FBcwQ7w%3D%3D&timestamp=1714966546, mapping to path=/callback?code=0e5ff37d64c6ad8c6f8b79ad37713da0&hmac=ed0636cf356b55627b76f270a19db71b7141dacb22ba6c8384295135346a171f&host=YWRtaW4uc2hvcGlmeS5jb20vc3RvcmUvMDAwdW5kZWZpbmVkLWNsb25l&shop=000undefined-clone.myshopify.com&state=2kV8FXLQOBkHAVx%2FBcwQ7w%3D%3D&timestamp=1714966546"}}
[debug] [2024-05-06T03:35:47.038Z] [worker-pool] submitRequest(triggerId=asia-southeast1-academy) {"metadata":{"emulator":{"name":"functions"},"message":"[worker-pool] submitRequest(triggerId=asia-southeast1-academy)"}}
[info] i  functions: Beginning execution of "asia-southeast1-academy" {"metadata":{"emulator":{"name":"functions"},"function":{"name":"asia-southeast1-academy"},"extension":{},"message":"Beginning execution of \"asia-southeast1-academy\""}}
[debug] [2024-05-06T03:35:47.039Z] [worker-asia-southeast1-academy-f3716a02-3713-487b-81e3-d72d582a67d1]: BUSY {"metadata":{"emulator":{"name":"functions"},"function":{"name":"asia-southeast1-academy"},"extension":{},"message":"[worker-asia-southeast1-academy-f3716a02-3713-487b-81e3-d72d582a67d1]: BUSY"}}
[warn] !  External network resource requested!
   - URL: "https://000undefined-clone.myshopify.com/admin/auth/login"
 - Be careful, this may be a production service. {"metadata":{"emulator":{"name":"functions"},"function":{"name":"asia-southeast1-academy"},"extension":{},"message":"External network resource requested!\n   - URL: \"https://000undefined-clone.myshopify.com/admin/auth/login\"\n - Be careful, this may be a production service."}}
[info] >  <html> {"user":"<html>","metadata":{"emulator":{"name":"functions"},"function":{"name":"asia-southeast1-academy"},"extension":{},"message":"\u001b[90m> \u001b[39m <html>"}}
[info] >    <body> {"user":"  <body>","metadata":{"emulator":{"name":"functions"},"function":{"name":"asia-southeast1-academy"},"extension":{},"message":"\u001b[90m> \u001b[39m   <body>"}}
[info] >      <noscript> {"user":"    <noscript>","metadata":{"emulator":{"name":"functions"},"function":{"name":"asia-southeast1-academy"},"extension":{},"message":"\u001b[90m> \u001b[39m     <noscript>"}}
[info] >        <a href="https://accounts.shopify.com/oauth/authorize?client_id=7ee65a63608843c577db8b23c4d7316ea0a01bd2f7594f8a9c06ea668c1b775c&amp;destination_uuid=955f3a27-f36e-4e62-82be-10e9187b0b41&amp;nonce=2abe158dea424ca04bddb267c9ecc14d&amp;prompt=merge&amp;redirect_uri=https%3A%2F%2F000undefined-clone.myshopify.com%2Fadmin%2Fauth%2Fidentity%2Fcallback&amp;response_type=code&amp;scope=email%20https%3A%2F%2Fapi.shopify.com%2Fauth%2Fdestinations.readonly%20openid%20profile%20https%3A%2F%2Fapi.shopify.com%2Fauth%2Fpartners.collaborator-relationships.readonly%20https%3A%2F%2Fapi.shopify.com%2Fauth%2Fbanking.manage%20https%3A%2F%2Fapi.shopify.com%2Fauth%2Fmerchant-setup-dashboard.graphql%20https%3A%2F%2Fapi.shopify.com%2Fauth%2Fshopify-chat.admin.graphql%20https%3A%2F%2Fapi.shopify.com%2Fauth%2Fflow.workflows.manage%20https%3A%2F%2Fapi.shopify.com%2Fauth%2Forganization-identity.manage%20https%3A%2F%2Fapi.shopify.com%2Fauth%2Fmerchant-bank-account.manage%20https%3A%2F%2Fapi.shopify.com%2Fauth%2Fshopify-tax.manage&amp;state=7cd5cebc655e734fa0add674bd72e65f&amp;ui_locales=en&amp;ux=shop">Continue</a> {"user":"      <a href=\"https://accounts.shopify.com/oauth/authorize?client_id=7ee65a63608843c577db8b23c4d7316ea0a01bd2f7594f8a9c06ea668c1b775c&amp;destination_uuid=955f3a27-f36e-4e62-82be-10e9187b0b41&amp;nonce=2abe158dea424ca04bddb267c9ecc14d&amp;prompt=merge&amp;redirect_uri=https%3A%2F%2F000undefined-clone.myshopify.com%2Fadmin%2Fauth%2Fidentity%2Fcallback&amp;response_type=code&amp;scope=email%20https%3A%2F%2Fapi.shopify.com%2Fauth%2Fdestinations.readonly%20openid%20profile%20https%3A%2F%2Fapi.shopify.com%2Fauth%2Fpartners.collaborator-relationships.readonly%20https%3A%2F%2Fapi.shopify.com%2Fauth%2Fbanking.manage%20https%3A%2F%2Fapi.shopify.com%2Fauth%2Fmerchant-setup-dashboard.graphql%20https%3A%2F%2Fapi.shopify.com%2Fauth%2Fshopify-chat.admin.graphql%20https%3A%2F%2Fapi.shopify.com%2Fauth%2Fflow.workflows.manage%20https%3A%2F%2Fapi.shopify.com%2Fauth%2Forganization-identity.manage%20https%3A%2F%2Fapi.shopify.com%2Fauth%2Fmerchant-bank-account.manage%20https%3A%2F%2Fapi.shopify.com%2Fauth%2Fshopify-tax.manage&amp;state=7cd5cebc655e734fa0add674bd72e65f&amp;ui_locales=en&amp;ux=shop\">Continue</a>","metadata":{"emulator":{"name":"functions"},"function":{"name":"asia-southeast1-academy"},"extension":{},"message":"\u001b[90m> \u001b[39m       <a href=\"https://accounts.shopify.com/oauth/authorize?client_id=7ee65a63608843c577db8b23c4d7316ea0a01bd2f7594f8a9c06ea668c1b775c&amp;destination_uuid=955f3a27-f36e-4e62-82be-10e9187b0b41&amp;nonce=2abe158dea424ca04bddb267c9ecc14d&amp;prompt=merge&amp;redirect_uri=https%3A%2F%2F000undefined-clone.myshopify.com%2Fadmin%2Fauth%2Fidentity%2Fcallback&amp;response_type=code&amp;scope=email%20https%3A%2F%2Fapi.shopify.com%2Fauth%2Fdestinations.readonly%20openid%20profile%20https%3A%2F%2Fapi.shopify.com%2Fauth%2Fpartners.collaborator-relationships.readonly%20https%3A%2F%2Fapi.shopify.com%2Fauth%2Fbanking.manage%20https%3A%2F%2Fapi.shopify.com%2Fauth%2Fmerchant-setup-dashboard.graphql%20https%3A%2F%2Fapi.shopify.com%2Fauth%2Fshopify-chat.admin.graphql%20https%3A%2F%2Fapi.shopify.com%2Fauth%2Fflow.workflows.manage%20https%3A%2F%2Fapi.shopify.com%2Fauth%2Forganization-identity.manage%20https%3A%2F%2Fapi.shopify.com%2Fauth%2Fmerchant-bank-account.manage%20https%3A%2F%2Fapi.shopify.com%2Fauth%2Fshopify-tax.manage&amp;state=7cd5cebc655e734fa0add674bd72e65f&amp;ui_locales=en&amp;ux=shop\">Continue</a>"}}
[info] >      </noscript> {"user":"    </noscript>","metadata":{"emulator":{"name":"functions"},"function":{"name":"asia-southeast1-academy"},"extension":{},"message":"\u001b[90m> \u001b[39m     </noscript>"}}
[info] >   {"user":"","metadata":{"emulator":{"name":"functions"},"function":{"name":"asia-southeast1-academy"},"extension":{},"message":"\u001b[90m> \u001b[39m "}}
[info] >      <script type="text/javascript" defer> {"user":"    <script type=\"text/javascript\" defer>","metadata":{"emulator":{"name":"functions"},"function":{"name":"asia-southeast1-academy"},"extension":{},"message":"\u001b[90m> \u001b[39m     <script type=\"text/javascript\" defer>"}}
[info] >        window.location = "https:\/\/accounts.shopify.com\/oauth\/authorize?client_id=7ee65a63608843c577db8b23c4d7316ea0a01bd2f7594f8a9c06ea668c1b775c\u0026destination_uuid=955f3a27-f36e-4e62-82be-10e9187b0b41\u0026nonce=2abe158dea424ca04bddb267c9ecc14d\u0026prompt=merge\u0026redirect_uri=https%3A%2F%2F000undefined-clone.myshopify.com%2Fadmin%2Fauth%2Fidentity%2Fcallback\u0026response_type=code\u0026scope=email%20https%3A%2F%2Fapi.shopify.com%2Fauth%2Fdestinations.readonly%20openid%20profile%20https%3A%2F%2Fapi.shopify.com%2Fauth%2Fpartners.collaborator-relationships.readonly%20https%3A%2F%2Fapi.shopify.com%2Fauth%2Fbanking.manage%20https%3A%2F%2Fapi.shopify.com%2Fauth%2Fmerchant-setup-dashboard.graphql%20https%3A%2F%2Fapi.shopify.com%2Fauth%2Fshopify-chat.admin.graphql%20https%3A%2F%2Fapi.shopify.com%2Fauth%2Fflow.workflows.manage%20https%3A%2F%2Fapi.shopify.com%2Fauth%2Forganization-identity.manage%20https%3A%2F%2Fapi.shopify.com%2Fauth%2Fmerchant-bank-account.manage%20https%3A%2F%2Fapi.shopify.com%2Fauth%2Fshopify-tax.manage\u0026state=7cd5cebc655e734fa0add674bd72e65f\u0026ui_locales=en\u0026ux=shop"; {"user":"      window.location = \"https:\\/\\/accounts.shopify.com\\/oauth\\/authorize?client_id=7ee65a63608843c577db8b23c4d7316ea0a01bd2f7594f8a9c06ea668c1b775c\\u0026destination_uuid=955f3a27-f36e-4e62-82be-10e9187b0b41\\u0026nonce=2abe158dea424ca04bddb267c9ecc14d\\u0026prompt=merge\\u0026redirect_uri=https%3A%2F%2F000undefined-clone.myshopify.com%2Fadmin%2Fauth%2Fidentity%2Fcallback\\u0026response_type=code\\u0026scope=email%20https%3A%2F%2Fapi.shopify.com%2Fauth%2Fdestinations.readonly%20openid%20profile%20https%3A%2F%2Fapi.shopify.com%2Fauth%2Fpartners.collaborator-relationships.readonly%20https%3A%2F%2Fapi.shopify.com%2Fauth%2Fbanking.manage%20https%3A%2F%2Fapi.shopify.com%2Fauth%2Fmerchant-setup-dashboard.graphql%20https%3A%2F%2Fapi.shopify.com%2Fauth%2Fshopify-chat.admin.graphql%20https%3A%2F%2Fapi.shopify.com%2Fauth%2Fflow.workflows.manage%20https%3A%2F%2Fapi.shopify.com%2Fauth%2Forganization-identity.manage%20https%3A%2F%2Fapi.shopify.com%2Fauth%2Fmerchant-bank-account.manage%20https%3A%2F%2Fapi.shopify.com%2Fauth%2Fshopify-tax.manage\\u0026state=7cd5cebc655e734fa0add674bd72e65f\\u0026ui_locales=en\\u0026ux=shop\";","metadata":{"emulator":{"name":"functions"},"function":{"name":"asia-southeast1-academy"},"extension":{},"message":"\u001b[90m> \u001b[39m       window.location = \"https:\\/\\/accounts.shopify.com\\/oauth\\/authorize?client_id=7ee65a63608843c577db8b23c4d7316ea0a01bd2f7594f8a9c06ea668c1b775c\\u0026destination_uuid=955f3a27-f36e-4e62-82be-10e9187b0b41\\u0026nonce=2abe158dea424ca04bddb267c9ecc14d\\u0026prompt=merge\\u0026redirect_uri=https%3A%2F%2F000undefined-clone.myshopify.com%2Fadmin%2Fauth%2Fidentity%2Fcallback\\u0026response_type=code\\u0026scope=email%20https%3A%2F%2Fapi.shopify.com%2Fauth%2Fdestinations.readonly%20openid%20profile%20https%3A%2F%2Fapi.shopify.com%2Fauth%2Fpartners.collaborator-relationships.readonly%20https%3A%2F%2Fapi.shopify.com%2Fauth%2Fbanking.manage%20https%3A%2F%2Fapi.shopify.com%2Fauth%2Fmerchant-setup-dashboard.graphql%20https%3A%2F%2Fapi.shopify.com%2Fauth%2Fshopify-chat.admin.graphql%20https%3A%2F%2Fapi.shopify.com%2Fauth%2Fflow.workflows.manage%20https%3A%2F%2Fapi.shopify.com%2Fauth%2Forganization-identity.manage%20https%3A%2F%2Fapi.shopify.com%2Fauth%2Fmerchant-bank-account.manage%20https%3A%2F%2Fapi.shopify.com%2Fauth%2Fshopify-tax.manage\\u0026state=7cd5cebc655e734fa0add674bd72e65f\\u0026ui_locales=en\\u0026ux=shop\";"}}
[info] >      </script> {"user":"    </script>","metadata":{"emulator":{"name":"functions"},"function":{"name":"asia-southeast1-academy"},"extension":{},"message":"\u001b[90m> \u001b[39m     </script>"}}
[info] >    </body> {"user":"  </body>","metadata":{"emulator":{"name":"functions"},"function":{"name":"asia-southeast1-academy"},"extension":{},"message":"\u001b[90m> \u001b[39m   </body>"}}
[info] >  </html> {"user":"</html>","metadata":{"emulator":{"name":"functions"},"function":{"name":"asia-southeast1-academy"},"extension":{},"message":"\u001b[90m> \u001b[39m </html>"}}
[info] >   {"user":"","metadata":{"emulator":{"name":"functions"},"function":{"name":"asia-southeast1-academy"},"extension":{},"message":"\u001b[90m> \u001b[39m "}}
[debug] [2024-05-06T03:35:47.829Z] Finishing up request with event=pause {"metadata":{"emulator":{"name":"functions"},"function":{"name":"asia-southeast1-academy"},"extension":{},"message":"Finishing up request with event=pause"}}
[info] i  functions: Finished "asia-southeast1-academy" in 789.5331ms {"metadata":{"emulator":{"name":"functions"},"function":{"name":"asia-southeast1-academy"},"extension":{},"message":"Finished \"asia-southeast1-academy\" in 789.5331ms"}}
[debug] [2024-05-06T03:35:47.829Z] [worker-asia-southeast1-academy-f3716a02-3713-487b-81e3-d72d582a67d1]: IDLE {"metadata":{"emulator":{"name":"functions"},"function":{"name":"asia-southeast1-academy"},"extension":{},"message":"[worker-asia-southeast1-academy-f3716a02-3713-487b-81e3-d72d582a67d1]: IDLE"}}
[debug] [2024-05-06T03:35:47.829Z] Finishing up request with event=finish {"metadata":{"emulator":{"name":"functions"},"function":{"name":"asia-southeast1-academy"},"extension":{},"message":"Finishing up request with event=finish"}}
[debug] [2024-05-06T03:35:47.830Z] Finishing up request with event=close {"metadata":{"emulator":{"name":"functions"},"function":{"name":"asia-southeast1-academy"},"extension":{},"message":"Finishing up request with event=close"}}
[debug] [2024-05-06T03:35:47.830Z] [work-queue] {"queuedWork":[],"queueLength":0,"runningWork":[],"workRunningCount":0}
[debug] [2024-05-06T03:37:20.957Z] File C:\Users\LENOVO\Desktop\Practice_Shopify\Shopify-app-Authenticate\functions\src\index.js changed, reloading triggers {"metadata":{"emulator":{"name":"functions"},"message":"File C:\\Users\\LENOVO\\Desktop\\Practice_Shopify\\Shopify-app-Authenticate\\functions\\src\\index.js changed, reloading triggers"}}
[debug] [2024-05-06T03:37:21.964Z] Validating nodejs source
[debug] [2024-05-06T03:37:23.818Z] > [functions] package.json contents: {
  "name": "functions",
  "description": "Cloud Functions for Firebase",
  "scripts": {
    "serve": "firebase emulators:start --only functions",
    "shell": "firebase functions:shell",
    "start": "npm run shell",
    "deploy": "firebase deploy --only functions",
    "logs": "firebase functions:log"
  },
  "engines": {
    "node": "18"
  },
  "main": "src/index.js",
  "dependencies": {
    "axios": "^1.6.8",
    "express": "^4.19.2",
    "firebase-admin": "^12.1.0",
    "firebase-functions": "^5.0.0"
  },
  "devDependencies": {
    "firebase-functions-test": "^3.1.0"
  },
  "private": true
}
[debug] [2024-05-06T03:37:23.818Z] Building nodejs source
[debug] [2024-05-06T03:37:23.819Z] Failed to find version of module node: reached end of search path C:\Users\LENOVO\Desktop\Practice_Shopify\Shopify-app-Authenticate\functions\node_modules
[info] +  functions: Using node@18 from host. 
[debug] [2024-05-06T03:37:23.820Z] Could not find functions.yaml. Must use http discovery
[debug] [2024-05-06T03:37:23.828Z] Found firebase-functions binary at 'C:\Users\LENOVO\Desktop\Practice_Shopify\Shopify-app-Authenticate\functions\node_modules\.bin\firebase-functions'
[info] Serving at port 8365

[debug] [2024-05-06T03:37:24.535Z] Got response from /__/functions.yaml {"endpoints":{"academy":{"platform":"gcfv1","availableMemoryMb":null,"timeoutSeconds":null,"minInstances":null,"maxInstances":null,"ingressSettings":null,"serviceAccountEmail":null,"vpc":null,"region":["asia-southeast1"],"httpsTrigger":{},"entryPoint":"academy"}},"specVersion":"v1alpha1","requiredAPIs":[]}
[info] +  functions: Loaded functions definitions from source: academy. {"metadata":{"emulator":{"name":"functions"},"message":"Loaded functions definitions from source: academy."}}
[debug] [2024-05-06T03:37:24.553Z] [worker-pool] Shutting down IDLE worker (asia-southeast1-academy) {"metadata":{"emulator":{"name":"functions"},"message":"[worker-pool] Shutting down IDLE worker (asia-southeast1-academy)"}}
[debug] [2024-05-06T03:37:24.553Z] [worker-asia-southeast1-academy-f3716a02-3713-487b-81e3-d72d582a67d1]: FINISHING {"metadata":{"emulator":{"name":"functions"},"function":{"name":"asia-southeast1-academy"},"extension":{},"message":"[worker-asia-southeast1-academy-f3716a02-3713-487b-81e3-d72d582a67d1]: FINISHING"}}
[debug] [2024-05-06T03:37:24.563Z] [worker-asia-southeast1-academy-f3716a02-3713-487b-81e3-d72d582a67d1]: exited {"metadata":{"emulator":{"name":"functions"},"function":{"name":"asia-southeast1-academy"},"extension":{},"message":"[worker-asia-southeast1-academy-f3716a02-3713-487b-81e3-d72d582a67d1]: exited"}}
[debug] [2024-05-06T03:37:24.564Z] [worker-asia-southeast1-academy-f3716a02-3713-487b-81e3-d72d582a67d1]: FINISHED {"metadata":{"emulator":{"name":"functions"},"function":{"name":"asia-southeast1-academy"},"extension":{},"message":"[worker-asia-southeast1-academy-f3716a02-3713-487b-81e3-d72d582a67d1]: FINISHED"}}
[debug] [2024-05-06T03:37:36.681Z] [work-queue] {"queuedWork":["/meowcart-app/asia-southeast1/academy/-2024-05-06T03:37:36.681Z"],"queueLength":1,"runningWork":[],"workRunningCount":0}
[debug] [2024-05-06T03:37:36.682Z] [work-queue] {"queuedWork":[],"queueLength":0,"runningWork":["/meowcart-app/asia-southeast1/academy/-2024-05-06T03:37:36.681Z"],"workRunningCount":1}
[debug] [2024-05-06T03:37:36.682Z] Accepted request GET /meowcart-app/asia-southeast1/academy/?shop=000undefined-clone --> asia-southeast1-academy
[debug] [2024-05-06T03:37:36.686Z] [functions] Runtime ready! Sending request! {"metadata":{"emulator":{"name":"functions"},"message":"[functions] Runtime ready! Sending request!"}}
[debug] [2024-05-06T03:37:36.686Z] [functions] Got req.url=/meowcart-app/asia-southeast1/academy/?shop=000undefined-clone, mapping to path=/?shop=000undefined-clone {"metadata":{"emulator":{"name":"functions"},"message":"[functions] Got req.url=/meowcart-app/asia-southeast1/academy/?shop=000undefined-clone, mapping to path=/?shop=000undefined-clone"}}
[debug] [2024-05-06T03:37:36.686Z] [worker-pool] Cleaned up workers for asia-southeast1-academy: 1 --> 0 {"metadata":{"emulator":{"name":"functions"},"message":"[worker-pool] Cleaned up workers for asia-southeast1-academy: 1 --> 0"}}
[debug] [2024-05-06T03:37:36.698Z] [worker-pool] addWorker(asia-southeast1-academy) {"metadata":{"emulator":{"name":"functions"},"message":"[worker-pool] addWorker(asia-southeast1-academy)"}}
[debug] [2024-05-06T03:37:36.699Z] [worker-pool] Adding worker with key asia-southeast1-academy, total=1 {"metadata":{"emulator":{"name":"functions"},"message":"[worker-pool] Adding worker with key asia-southeast1-academy, total=1"}}
[debug] [2024-05-06T03:37:37.959Z] [runtime-status] [14196] Resolved module firebase-admin {"declared":true,"installed":true,"version":"12.1.0","resolution":"C:\\Users\\LENOVO\\Desktop\\Practice_Shopify\\Shopify-app-Authenticate\\functions\\node_modules\\firebase-admin\\lib\\index.js"} {"metadata":{"emulator":{"name":"functions"},"function":{"name":"asia-southeast1-academy"},"extension":{},"message":"[runtime-status] [14196] Resolved module firebase-admin {\"declared\":true,\"installed\":true,\"version\":\"12.1.0\",\"resolution\":\"C:\\\\Users\\\\LENOVO\\\\Desktop\\\\Practice_Shopify\\\\Shopify-app-Authenticate\\\\functions\\\\node_modules\\\\firebase-admin\\\\lib\\\\index.js\"}"}}
[debug] [2024-05-06T03:37:37.960Z] [runtime-status] [14196] Resolved module firebase-functions {"declared":true,"installed":true,"version":"5.0.1","resolution":"C:\\Users\\LENOVO\\Desktop\\Practice_Shopify\\Shopify-app-Authenticate\\functions\\node_modules\\firebase-functions\\lib\\v1\\index.js"} {"metadata":{"emulator":{"name":"functions"},"function":{"name":"asia-southeast1-academy"},"extension":{},"message":"[runtime-status] [14196] Resolved module firebase-functions {\"declared\":true,\"installed\":true,\"version\":\"5.0.1\",\"resolution\":\"C:\\\\Users\\\\LENOVO\\\\Desktop\\\\Practice_Shopify\\\\Shopify-app-Authenticate\\\\functions\\\\node_modules\\\\firebase-functions\\\\lib\\\\v1\\\\index.js\"}"}}
[debug] [2024-05-06T03:37:37.961Z] [runtime-status] [14196] Outgoing network have been stubbed. [{"name":"http","status":"mocked"},{"name":"http","status":"mocked"},{"name":"https","status":"mocked"},{"name":"https","status":"mocked"},{"name":"net","status":"mocked"}] {"metadata":{"emulator":{"name":"functions"},"function":{"name":"asia-southeast1-academy"},"extension":{},"message":"[runtime-status] [14196] Outgoing network have been stubbed. [{\"name\":\"http\",\"status\":\"mocked\"},{\"name\":\"http\",\"status\":\"mocked\"},{\"name\":\"https\",\"status\":\"mocked\"},{\"name\":\"https\",\"status\":\"mocked\"},{\"name\":\"net\",\"status\":\"mocked\"}]"}}
[debug] [2024-05-06T03:37:37.962Z] [runtime-status] [14196] Resolved module firebase-functions {"declared":true,"installed":true,"version":"5.0.1","resolution":"C:\\Users\\LENOVO\\Desktop\\Practice_Shopify\\Shopify-app-Authenticate\\functions\\node_modules\\firebase-functions\\lib\\v1\\index.js"} {"metadata":{"emulator":{"name":"functions"},"function":{"name":"asia-southeast1-academy"},"extension":{},"message":"[runtime-status] [14196] Resolved module firebase-functions {\"declared\":true,\"installed\":true,\"version\":\"5.0.1\",\"resolution\":\"C:\\\\Users\\\\LENOVO\\\\Desktop\\\\Practice_Shopify\\\\Shopify-app-Authenticate\\\\functions\\\\node_modules\\\\firebase-functions\\\\lib\\\\v1\\\\index.js\"}"}}
[debug] [2024-05-06T03:37:38.207Z] [runtime-status] [14196] Checked functions.config() {"config":{}} {"metadata":{"emulator":{"name":"functions"},"function":{"name":"asia-southeast1-academy"},"extension":{},"message":"[runtime-status] [14196] Checked functions.config() {\"config\":{}}"}}
[debug] [2024-05-06T03:37:38.207Z] [runtime-status] [14196] firebase-functions has been stubbed. {"functionsResolution":{"declared":true,"installed":true,"version":"5.0.1","resolution":"C:\\Users\\LENOVO\\Desktop\\Practice_Shopify\\Shopify-app-Authenticate\\functions\\node_modules\\firebase-functions\\lib\\v1\\index.js"}} {"metadata":{"emulator":{"name":"functions"},"function":{"name":"asia-southeast1-academy"},"extension":{},"message":"[runtime-status] [14196] firebase-functions has been stubbed. {\"functionsResolution\":{\"declared\":true,\"installed\":true,\"version\":\"5.0.1\",\"resolution\":\"C:\\\\Users\\\\LENOVO\\\\Desktop\\\\Practice_Shopify\\\\Shopify-app-Authenticate\\\\functions\\\\node_modules\\\\firebase-functions\\\\lib\\\\v1\\\\index.js\"}}"}}
[debug] [2024-05-06T03:37:38.208Z] [runtime-status] [14196] Resolved module firebase-functions {"declared":true,"installed":true,"version":"5.0.1","resolution":"C:\\Users\\LENOVO\\Desktop\\Practice_Shopify\\Shopify-app-Authenticate\\functions\\node_modules\\firebase-functions\\lib\\v1\\index.js"} {"metadata":{"emulator":{"name":"functions"},"function":{"name":"asia-southeast1-academy"},"extension":{},"message":"[runtime-status] [14196] Resolved module firebase-functions {\"declared\":true,\"installed\":true,\"version\":\"5.0.1\",\"resolution\":\"C:\\\\Users\\\\LENOVO\\\\Desktop\\\\Practice_Shopify\\\\Shopify-app-Authenticate\\\\functions\\\\node_modules\\\\firebase-functions\\\\lib\\\\v1\\\\index.js\"}"}}
[debug] [2024-05-06T03:37:38.210Z] [runtime-status] [14196] Resolved module firebase-admin {"declared":true,"installed":true,"version":"12.1.0","resolution":"C:\\Users\\LENOVO\\Desktop\\Practice_Shopify\\Shopify-app-Authenticate\\functions\\node_modules\\firebase-admin\\lib\\index.js"} {"metadata":{"emulator":{"name":"functions"},"function":{"name":"asia-southeast1-academy"},"extension":{},"message":"[runtime-status] [14196] Resolved module firebase-admin {\"declared\":true,\"installed\":true,\"version\":\"12.1.0\",\"resolution\":\"C:\\\\Users\\\\LENOVO\\\\Desktop\\\\Practice_Shopify\\\\Shopify-app-Authenticate\\\\functions\\\\node_modules\\\\firebase-admin\\\\lib\\\\index.js\"}"}}
[debug] [2024-05-06T03:37:38.212Z] [runtime-status] [14196] Resolved module firebase-functions {"declared":true,"installed":true,"version":"5.0.1","resolution":"C:\\Users\\LENOVO\\Desktop\\Practice_Shopify\\Shopify-app-Authenticate\\functions\\node_modules\\firebase-functions\\lib\\v1\\index.js"} {"metadata":{"emulator":{"name":"functions"},"function":{"name":"asia-southeast1-academy"},"extension":{},"message":"[runtime-status] [14196] Resolved module firebase-functions {\"declared\":true,\"installed\":true,\"version\":\"5.0.1\",\"resolution\":\"C:\\\\Users\\\\LENOVO\\\\Desktop\\\\Practice_Shopify\\\\Shopify-app-Authenticate\\\\functions\\\\node_modules\\\\firebase-functions\\\\lib\\\\v1\\\\index.js\"}"}}
[debug] [2024-05-06T03:37:38.212Z] [runtime-status] [14196] firebase-admin has been stubbed. {"adminResolution":{"declared":true,"installed":true,"version":"12.1.0","resolution":"C:\\Users\\LENOVO\\Desktop\\Practice_Shopify\\Shopify-app-Authenticate\\functions\\node_modules\\firebase-admin\\lib\\index.js"}} {"metadata":{"emulator":{"name":"functions"},"function":{"name":"asia-southeast1-academy"},"extension":{},"message":"[runtime-status] [14196] firebase-admin has been stubbed. {\"adminResolution\":{\"declared\":true,\"installed\":true,\"version\":\"12.1.0\",\"resolution\":\"C:\\\\Users\\\\LENOVO\\\\Desktop\\\\Practice_Shopify\\\\Shopify-app-Authenticate\\\\functions\\\\node_modules\\\\firebase-admin\\\\lib\\\\index.js\"}}"}}
[debug] [2024-05-06T03:37:38.333Z] [runtime-status] [14196] Functions runtime initialized. {"cwd":"C:\\Users\\LENOVO\\Desktop\\Practice_Shopify\\Shopify-app-Authenticate\\functions","node_version":"18.16.0"} {"metadata":{"emulator":{"name":"functions"},"function":{"name":"asia-southeast1-academy"},"extension":{},"message":"[runtime-status] [14196] Functions runtime initialized. {\"cwd\":\"C:\\\\Users\\\\LENOVO\\\\Desktop\\\\Practice_Shopify\\\\Shopify-app-Authenticate\\\\functions\",\"node_version\":\"18.16.0\"}"}}
[debug] [2024-05-06T03:37:38.333Z] [runtime-status] [14196] Listening to port: \\?\pipe\fire_emu_2dd15b47eed0f4b4 {"metadata":{"emulator":{"name":"functions"},"function":{"name":"asia-southeast1-academy"},"extension":{},"message":"[runtime-status] [14196] Listening to port: \\\\?\\pipe\\fire_emu_2dd15b47eed0f4b4"}}
[debug] [2024-05-06T03:37:38.348Z] [worker-asia-southeast1-academy-637bb044-2387-4c3d-ab96-c1dbb7154cb2]: IDLE {"metadata":{"emulator":{"name":"functions"},"function":{"name":"asia-southeast1-academy"},"extension":{},"message":"[worker-asia-southeast1-academy-637bb044-2387-4c3d-ab96-c1dbb7154cb2]: IDLE"}}
[debug] [2024-05-06T03:37:38.348Z] [worker-pool] submitRequest(triggerId=asia-southeast1-academy) {"metadata":{"emulator":{"name":"functions"},"message":"[worker-pool] submitRequest(triggerId=asia-southeast1-academy)"}}
[info] i  functions: Beginning execution of "asia-southeast1-academy" {"metadata":{"emulator":{"name":"functions"},"function":{"name":"asia-southeast1-academy"},"extension":{},"message":"Beginning execution of \"asia-southeast1-academy\""}}
[debug] [2024-05-06T03:37:38.349Z] [worker-asia-southeast1-academy-637bb044-2387-4c3d-ab96-c1dbb7154cb2]: BUSY {"metadata":{"emulator":{"name":"functions"},"function":{"name":"asia-southeast1-academy"},"extension":{},"message":"[worker-asia-southeast1-academy-637bb044-2387-4c3d-ab96-c1dbb7154cb2]: BUSY"}}
[debug] [2024-05-06T03:37:38.369Z] Finishing up request with event=pause {"metadata":{"emulator":{"name":"functions"},"function":{"name":"asia-southeast1-academy"},"extension":{},"message":"Finishing up request with event=pause"}}
[info] i  functions: Finished "asia-southeast1-academy" in 20.3554ms {"metadata":{"emulator":{"name":"functions"},"function":{"name":"asia-southeast1-academy"},"extension":{},"message":"Finished \"asia-southeast1-academy\" in 20.3554ms"}}
[debug] [2024-05-06T03:37:38.369Z] [worker-asia-southeast1-academy-637bb044-2387-4c3d-ab96-c1dbb7154cb2]: IDLE {"metadata":{"emulator":{"name":"functions"},"function":{"name":"asia-southeast1-academy"},"extension":{},"message":"[worker-asia-southeast1-academy-637bb044-2387-4c3d-ab96-c1dbb7154cb2]: IDLE"}}
[debug] [2024-05-06T03:37:38.370Z] Finishing up request with event=finish {"metadata":{"emulator":{"name":"functions"},"function":{"name":"asia-southeast1-academy"},"extension":{},"message":"Finishing up request with event=finish"}}
[debug] [2024-05-06T03:37:38.370Z] Finishing up request with event=close {"metadata":{"emulator":{"name":"functions"},"function":{"name":"asia-southeast1-academy"},"extension":{},"message":"Finishing up request with event=close"}}
[debug] [2024-05-06T03:37:38.370Z] [work-queue] {"queuedWork":[],"queueLength":0,"runningWork":[],"workRunningCount":0}
[debug] [2024-05-06T03:37:46.497Z] [work-queue] {"queuedWork":["/meowcart-app/asia-southeast1/academy/callback-2024-05-06T03:37:46.496Z"],"queueLength":1,"runningWork":[],"workRunningCount":0}
[debug] [2024-05-06T03:37:46.497Z] [work-queue] {"queuedWork":[],"queueLength":0,"runningWork":["/meowcart-app/asia-southeast1/academy/callback-2024-05-06T03:37:46.496Z"],"workRunningCount":1}
[debug] [2024-05-06T03:37:46.497Z] Accepted request GET /meowcart-app/asia-southeast1/academy/callback?code=b8eed52ce23e2f9dc498312f31324f1c&hmac=36cb86064f0700ed8f9513e999ec9920cd3ab69de95e18ad45dfe5c6f027ba46&host=YWRtaW4uc2hvcGlmeS5jb20vc3RvcmUvMDAwdW5kZWZpbmVkLWNsb25l&shop=000undefined-clone.myshopify.com&state=%2FYk8MvJh1eInR3Jv8J9%2FtQ%3D%3D&timestamp=1714966665 --> asia-southeast1-academy
[debug] [2024-05-06T03:37:46.499Z] [functions] Runtime ready! Sending request! {"metadata":{"emulator":{"name":"functions"},"message":"[functions] Runtime ready! Sending request!"}}
[debug] [2024-05-06T03:37:46.499Z] [functions] Got req.url=/meowcart-app/asia-southeast1/academy/callback?code=b8eed52ce23e2f9dc498312f31324f1c&hmac=36cb86064f0700ed8f9513e999ec9920cd3ab69de95e18ad45dfe5c6f027ba46&host=YWRtaW4uc2hvcGlmeS5jb20vc3RvcmUvMDAwdW5kZWZpbmVkLWNsb25l&shop=000undefined-clone.myshopify.com&state=%2FYk8MvJh1eInR3Jv8J9%2FtQ%3D%3D&timestamp=1714966665, mapping to path=/callback?code=b8eed52ce23e2f9dc498312f31324f1c&hmac=36cb86064f0700ed8f9513e999ec9920cd3ab69de95e18ad45dfe5c6f027ba46&host=YWRtaW4uc2hvcGlmeS5jb20vc3RvcmUvMDAwdW5kZWZpbmVkLWNsb25l&shop=000undefined-clone.myshopify.com&state=%2FYk8MvJh1eInR3Jv8J9%2FtQ%3D%3D&timestamp=1714966665 {"metadata":{"emulator":{"name":"functions"},"message":"[functions] Got req.url=/meowcart-app/asia-southeast1/academy/callback?code=b8eed52ce23e2f9dc498312f31324f1c&hmac=36cb86064f0700ed8f9513e999ec9920cd3ab69de95e18ad45dfe5c6f027ba46&host=YWRtaW4uc2hvcGlmeS5jb20vc3RvcmUvMDAwdW5kZWZpbmVkLWNsb25l&shop=000undefined-clone.myshopify.com&state=%2FYk8MvJh1eInR3Jv8J9%2FtQ%3D%3D&timestamp=1714966665, mapping to path=/callback?code=b8eed52ce23e2f9dc498312f31324f1c&hmac=36cb86064f0700ed8f9513e999ec9920cd3ab69de95e18ad45dfe5c6f027ba46&host=YWRtaW4uc2hvcGlmeS5jb20vc3RvcmUvMDAwdW5kZWZpbmVkLWNsb25l&shop=000undefined-clone.myshopify.com&state=%2FYk8MvJh1eInR3Jv8J9%2FtQ%3D%3D&timestamp=1714966665"}}
[debug] [2024-05-06T03:37:46.499Z] [worker-pool] submitRequest(triggerId=asia-southeast1-academy) {"metadata":{"emulator":{"name":"functions"},"message":"[worker-pool] submitRequest(triggerId=asia-southeast1-academy)"}}
[info] i  functions: Beginning execution of "asia-southeast1-academy" {"metadata":{"emulator":{"name":"functions"},"function":{"name":"asia-southeast1-academy"},"extension":{},"message":"Beginning execution of \"asia-southeast1-academy\""}}
[debug] [2024-05-06T03:37:46.499Z] [worker-asia-southeast1-academy-637bb044-2387-4c3d-ab96-c1dbb7154cb2]: BUSY {"metadata":{"emulator":{"name":"functions"},"function":{"name":"asia-southeast1-academy"},"extension":{},"message":"[worker-asia-southeast1-academy-637bb044-2387-4c3d-ab96-c1dbb7154cb2]: BUSY"}}
[warn] !  External network resource requested!
   - URL: "https://000undefined-clone.myshopify.com/admin/auth/login"
 - Be careful, this may be a production service. {"metadata":{"emulator":{"name":"functions"},"function":{"name":"asia-southeast1-academy"},"extension":{},"message":"External network resource requested!\n   - URL: \"https://000undefined-clone.myshopify.com/admin/auth/login\"\n - Be careful, this may be a production service."}}
[info] >  <html> {"user":"<html>","metadata":{"emulator":{"name":"functions"},"function":{"name":"asia-southeast1-academy"},"extension":{},"message":"\u001b[90m> \u001b[39m <html>"}}
[info] >    <body> {"user":"  <body>","metadata":{"emulator":{"name":"functions"},"function":{"name":"asia-southeast1-academy"},"extension":{},"message":"\u001b[90m> \u001b[39m   <body>"}}
[info] >      <noscript> {"user":"    <noscript>","metadata":{"emulator":{"name":"functions"},"function":{"name":"asia-southeast1-academy"},"extension":{},"message":"\u001b[90m> \u001b[39m     <noscript>"}}
[info] >        <a href="https://accounts.shopify.com/oauth/authorize?client_id=7ee65a63608843c577db8b23c4d7316ea0a01bd2f7594f8a9c06ea668c1b775c&amp;destination_uuid=955f3a27-f36e-4e62-82be-10e9187b0b41&amp;nonce=6476de343e66744c921c615daab77bd9&amp;prompt=merge&amp;redirect_uri=https%3A%2F%2F000undefined-clone.myshopify.com%2Fadmin%2Fauth%2Fidentity%2Fcallback&amp;response_type=code&amp;scope=email%20https%3A%2F%2Fapi.shopify.com%2Fauth%2Fdestinations.readonly%20openid%20profile%20https%3A%2F%2Fapi.shopify.com%2Fauth%2Fpartners.collaborator-relationships.readonly%20https%3A%2F%2Fapi.shopify.com%2Fauth%2Fbanking.manage%20https%3A%2F%2Fapi.shopify.com%2Fauth%2Fmerchant-setup-dashboard.graphql%20https%3A%2F%2Fapi.shopify.com%2Fauth%2Fshopify-chat.admin.graphql%20https%3A%2F%2Fapi.shopify.com%2Fauth%2Fflow.workflows.manage%20https%3A%2F%2Fapi.shopify.com%2Fauth%2Forganization-identity.manage%20https%3A%2F%2Fapi.shopify.com%2Fauth%2Fmerchant-bank-account.manage%20https%3A%2F%2Fapi.shopify.com%2Fauth%2Fshopify-tax.manage&amp;state=efaade6922c2bc7f51cb4f846d129994&amp;ui_locales=en&amp;ux=shop">Continue</a> {"user":"      <a href=\"https://accounts.shopify.com/oauth/authorize?client_id=7ee65a63608843c577db8b23c4d7316ea0a01bd2f7594f8a9c06ea668c1b775c&amp;destination_uuid=955f3a27-f36e-4e62-82be-10e9187b0b41&amp;nonce=6476de343e66744c921c615daab77bd9&amp;prompt=merge&amp;redirect_uri=https%3A%2F%2F000undefined-clone.myshopify.com%2Fadmin%2Fauth%2Fidentity%2Fcallback&amp;response_type=code&amp;scope=email%20https%3A%2F%2Fapi.shopify.com%2Fauth%2Fdestinations.readonly%20openid%20profile%20https%3A%2F%2Fapi.shopify.com%2Fauth%2Fpartners.collaborator-relationships.readonly%20https%3A%2F%2Fapi.shopify.com%2Fauth%2Fbanking.manage%20https%3A%2F%2Fapi.shopify.com%2Fauth%2Fmerchant-setup-dashboard.graphql%20https%3A%2F%2Fapi.shopify.com%2Fauth%2Fshopify-chat.admin.graphql%20https%3A%2F%2Fapi.shopify.com%2Fauth%2Fflow.workflows.manage%20https%3A%2F%2Fapi.shopify.com%2Fauth%2Forganization-identity.manage%20https%3A%2F%2Fapi.shopify.com%2Fauth%2Fmerchant-bank-account.manage%20https%3A%2F%2Fapi.shopify.com%2Fauth%2Fshopify-tax.manage&amp;state=efaade6922c2bc7f51cb4f846d129994&amp;ui_locales=en&amp;ux=shop\">Continue</a>","metadata":{"emulator":{"name":"functions"},"function":{"name":"asia-southeast1-academy"},"extension":{},"message":"\u001b[90m> \u001b[39m       <a href=\"https://accounts.shopify.com/oauth/authorize?client_id=7ee65a63608843c577db8b23c4d7316ea0a01bd2f7594f8a9c06ea668c1b775c&amp;destination_uuid=955f3a27-f36e-4e62-82be-10e9187b0b41&amp;nonce=6476de343e66744c921c615daab77bd9&amp;prompt=merge&amp;redirect_uri=https%3A%2F%2F000undefined-clone.myshopify.com%2Fadmin%2Fauth%2Fidentity%2Fcallback&amp;response_type=code&amp;scope=email%20https%3A%2F%2Fapi.shopify.com%2Fauth%2Fdestinations.readonly%20openid%20profile%20https%3A%2F%2Fapi.shopify.com%2Fauth%2Fpartners.collaborator-relationships.readonly%20https%3A%2F%2Fapi.shopify.com%2Fauth%2Fbanking.manage%20https%3A%2F%2Fapi.shopify.com%2Fauth%2Fmerchant-setup-dashboard.graphql%20https%3A%2F%2Fapi.shopify.com%2Fauth%2Fshopify-chat.admin.graphql%20https%3A%2F%2Fapi.shopify.com%2Fauth%2Fflow.workflows.manage%20https%3A%2F%2Fapi.shopify.com%2Fauth%2Forganization-identity.manage%20https%3A%2F%2Fapi.shopify.com%2Fauth%2Fmerchant-bank-account.manage%20https%3A%2F%2Fapi.shopify.com%2Fauth%2Fshopify-tax.manage&amp;state=efaade6922c2bc7f51cb4f846d129994&amp;ui_locales=en&amp;ux=shop\">Continue</a>"}}
[info] >      </noscript> {"user":"    </noscript>","metadata":{"emulator":{"name":"functions"},"function":{"name":"asia-southeast1-academy"},"extension":{},"message":"\u001b[90m> \u001b[39m     </noscript>"}}
[info] >   {"user":"","metadata":{"emulator":{"name":"functions"},"function":{"name":"asia-southeast1-academy"},"extension":{},"message":"\u001b[90m> \u001b[39m "}}
[info] >      <script type="text/javascript" defer> {"user":"    <script type=\"text/javascript\" defer>","metadata":{"emulator":{"name":"functions"},"function":{"name":"asia-southeast1-academy"},"extension":{},"message":"\u001b[90m> \u001b[39m     <script type=\"text/javascript\" defer>"}}
[info] >        window.location = "https:\/\/accounts.shopify.com\/oauth\/authorize?client_id=7ee65a63608843c577db8b23c4d7316ea0a01bd2f7594f8a9c06ea668c1b775c\u0026destination_uuid=955f3a27-f36e-4e62-82be-10e9187b0b41\u0026nonce=6476de343e66744c921c615daab77bd9\u0026prompt=merge\u0026redirect_uri=https%3A%2F%2F000undefined-clone.myshopify.com%2Fadmin%2Fauth%2Fidentity%2Fcallback\u0026response_type=code\u0026scope=email%20https%3A%2F%2Fapi.shopify.com%2Fauth%2Fdestinations.readonly%20openid%20profile%20https%3A%2F%2Fapi.shopify.com%2Fauth%2Fpartners.collaborator-relationships.readonly%20https%3A%2F%2Fapi.shopify.com%2Fauth%2Fbanking.manage%20https%3A%2F%2Fapi.shopify.com%2Fauth%2Fmerchant-setup-dashboard.graphql%20https%3A%2F%2Fapi.shopify.com%2Fauth%2Fshopify-chat.admin.graphql%20https%3A%2F%2Fapi.shopify.com%2Fauth%2Fflow.workflows.manage%20https%3A%2F%2Fapi.shopify.com%2Fauth%2Forganization-identity.manage%20https%3A%2F%2Fapi.shopify.com%2Fauth%2Fmerchant-bank-account.manage%20https%3A%2F%2Fapi.shopify.com%2Fauth%2Fshopify-tax.manage\u0026state=efaade6922c2bc7f51cb4f846d129994\u0026ui_locales=en\u0026ux=shop"; {"user":"      window.location = \"https:\\/\\/accounts.shopify.com\\/oauth\\/authorize?client_id=7ee65a63608843c577db8b23c4d7316ea0a01bd2f7594f8a9c06ea668c1b775c\\u0026destination_uuid=955f3a27-f36e-4e62-82be-10e9187b0b41\\u0026nonce=6476de343e66744c921c615daab77bd9\\u0026prompt=merge\\u0026redirect_uri=https%3A%2F%2F000undefined-clone.myshopify.com%2Fadmin%2Fauth%2Fidentity%2Fcallback\\u0026response_type=code\\u0026scope=email%20https%3A%2F%2Fapi.shopify.com%2Fauth%2Fdestinations.readonly%20openid%20profile%20https%3A%2F%2Fapi.shopify.com%2Fauth%2Fpartners.collaborator-relationships.readonly%20https%3A%2F%2Fapi.shopify.com%2Fauth%2Fbanking.manage%20https%3A%2F%2Fapi.shopify.com%2Fauth%2Fmerchant-setup-dashboard.graphql%20https%3A%2F%2Fapi.shopify.com%2Fauth%2Fshopify-chat.admin.graphql%20https%3A%2F%2Fapi.shopify.com%2Fauth%2Fflow.workflows.manage%20https%3A%2F%2Fapi.shopify.com%2Fauth%2Forganization-identity.manage%20https%3A%2F%2Fapi.shopify.com%2Fauth%2Fmerchant-bank-account.manage%20https%3A%2F%2Fapi.shopify.com%2Fauth%2Fshopify-tax.manage\\u0026state=efaade6922c2bc7f51cb4f846d129994\\u0026ui_locales=en\\u0026ux=shop\";","metadata":{"emulator":{"name":"functions"},"function":{"name":"asia-southeast1-academy"},"extension":{},"message":"\u001b[90m> \u001b[39m       window.location = \"https:\\/\\/accounts.shopify.com\\/oauth\\/authorize?client_id=7ee65a63608843c577db8b23c4d7316ea0a01bd2f7594f8a9c06ea668c1b775c\\u0026destination_uuid=955f3a27-f36e-4e62-82be-10e9187b0b41\\u0026nonce=6476de343e66744c921c615daab77bd9\\u0026prompt=merge\\u0026redirect_uri=https%3A%2F%2F000undefined-clone.myshopify.com%2Fadmin%2Fauth%2Fidentity%2Fcallback\\u0026response_type=code\\u0026scope=email%20https%3A%2F%2Fapi.shopify.com%2Fauth%2Fdestinations.readonly%20openid%20profile%20https%3A%2F%2Fapi.shopify.com%2Fauth%2Fpartners.collaborator-relationships.readonly%20https%3A%2F%2Fapi.shopify.com%2Fauth%2Fbanking.manage%20https%3A%2F%2Fapi.shopify.com%2Fauth%2Fmerchant-setup-dashboard.graphql%20https%3A%2F%2Fapi.shopify.com%2Fauth%2Fshopify-chat.admin.graphql%20https%3A%2F%2Fapi.shopify.com%2Fauth%2Fflow.workflows.manage%20https%3A%2F%2Fapi.shopify.com%2Fauth%2Forganization-identity.manage%20https%3A%2F%2Fapi.shopify.com%2Fauth%2Fmerchant-bank-account.manage%20https%3A%2F%2Fapi.shopify.com%2Fauth%2Fshopify-tax.manage\\u0026state=efaade6922c2bc7f51cb4f846d129994\\u0026ui_locales=en\\u0026ux=shop\";"}}
[info] >      </script> {"user":"    </script>","metadata":{"emulator":{"name":"functions"},"function":{"name":"asia-southeast1-academy"},"extension":{},"message":"\u001b[90m> \u001b[39m     </script>"}}
[info] >    </body> {"user":"  </body>","metadata":{"emulator":{"name":"functions"},"function":{"name":"asia-southeast1-academy"},"extension":{},"message":"\u001b[90m> \u001b[39m   </body>"}}
[info] >  </html> {"user":"</html>","metadata":{"emulator":{"name":"functions"},"function":{"name":"asia-southeast1-academy"},"extension":{},"message":"\u001b[90m> \u001b[39m </html>"}}
[info] >   {"user":"","metadata":{"emulator":{"name":"functions"},"function":{"name":"asia-southeast1-academy"},"extension":{},"message":"\u001b[90m> \u001b[39m "}}
[debug] [2024-05-06T03:37:47.334Z] Finishing up request with event=pause {"metadata":{"emulator":{"name":"functions"},"function":{"name":"asia-southeast1-academy"},"extension":{},"message":"Finishing up request with event=pause"}}
[info] i  functions: Finished "asia-southeast1-academy" in 834.5ms {"metadata":{"emulator":{"name":"functions"},"function":{"name":"asia-southeast1-academy"},"extension":{},"message":"Finished \"asia-southeast1-academy\" in 834.5ms"}}
[debug] [2024-05-06T03:37:47.334Z] [worker-asia-southeast1-academy-637bb044-2387-4c3d-ab96-c1dbb7154cb2]: IDLE {"metadata":{"emulator":{"name":"functions"},"function":{"name":"asia-southeast1-academy"},"extension":{},"message":"[worker-asia-southeast1-academy-637bb044-2387-4c3d-ab96-c1dbb7154cb2]: IDLE"}}
[debug] [2024-05-06T03:37:47.334Z] Finishing up request with event=finish {"metadata":{"emulator":{"name":"functions"},"function":{"name":"asia-southeast1-academy"},"extension":{},"message":"Finishing up request with event=finish"}}
[debug] [2024-05-06T03:37:47.334Z] Finishing up request with event=close {"metadata":{"emulator":{"name":"functions"},"function":{"name":"asia-southeast1-academy"},"extension":{},"message":"Finishing up request with event=close"}}
[debug] [2024-05-06T03:37:47.335Z] [work-queue] {"queuedWork":[],"queueLength":0,"runningWork":[],"workRunningCount":0}
[debug] [2024-05-06T03:39:00.329Z] File C:\Users\LENOVO\Desktop\Practice_Shopify\Shopify-app-Authenticate\functions\src\index.js changed, reloading triggers {"metadata":{"emulator":{"name":"functions"},"message":"File C:\\Users\\LENOVO\\Desktop\\Practice_Shopify\\Shopify-app-Authenticate\\functions\\src\\index.js changed, reloading triggers"}}
[debug] [2024-05-06T03:39:01.335Z] Validating nodejs source
[debug] [2024-05-06T03:39:03.655Z] > [functions] package.json contents: {
  "name": "functions",
  "description": "Cloud Functions for Firebase",
  "scripts": {
    "serve": "firebase emulators:start --only functions",
    "shell": "firebase functions:shell",
    "start": "npm run shell",
    "deploy": "firebase deploy --only functions",
    "logs": "firebase functions:log"
  },
  "engines": {
    "node": "18"
  },
  "main": "src/index.js",
  "dependencies": {
    "axios": "^1.6.8",
    "express": "^4.19.2",
    "firebase-admin": "^12.1.0",
    "firebase-functions": "^5.0.0"
  },
  "devDependencies": {
    "firebase-functions-test": "^3.1.0"
  },
  "private": true
}
[debug] [2024-05-06T03:39:03.655Z] Building nodejs source
[debug] [2024-05-06T03:39:03.655Z] Failed to find version of module node: reached end of search path C:\Users\LENOVO\Desktop\Practice_Shopify\Shopify-app-Authenticate\functions\node_modules
[info] +  functions: Using node@18 from host. 
[debug] [2024-05-06T03:39:03.656Z] Could not find functions.yaml. Must use http discovery
[debug] [2024-05-06T03:39:03.662Z] Found firebase-functions binary at 'C:\Users\LENOVO\Desktop\Practice_Shopify\Shopify-app-Authenticate\functions\node_modules\.bin\firebase-functions'
[info] Serving at port 8641

[debug] [2024-05-06T03:39:04.221Z] Got response from /__/functions.yaml {"endpoints":{"academy":{"platform":"gcfv1","availableMemoryMb":null,"timeoutSeconds":null,"minInstances":null,"maxInstances":null,"ingressSettings":null,"serviceAccountEmail":null,"vpc":null,"region":["asia-southeast1"],"httpsTrigger":{},"entryPoint":"academy"}},"specVersion":"v1alpha1","requiredAPIs":[]}
[info] +  functions: Loaded functions definitions from source: academy. {"metadata":{"emulator":{"name":"functions"},"message":"Loaded functions definitions from source: academy."}}
[debug] [2024-05-06T03:39:04.242Z] [worker-pool] Shutting down IDLE worker (asia-southeast1-academy) {"metadata":{"emulator":{"name":"functions"},"message":"[worker-pool] Shutting down IDLE worker (asia-southeast1-academy)"}}
[debug] [2024-05-06T03:39:04.242Z] [worker-asia-southeast1-academy-637bb044-2387-4c3d-ab96-c1dbb7154cb2]: FINISHING {"metadata":{"emulator":{"name":"functions"},"function":{"name":"asia-southeast1-academy"},"extension":{},"message":"[worker-asia-southeast1-academy-637bb044-2387-4c3d-ab96-c1dbb7154cb2]: FINISHING"}}
[debug] [2024-05-06T03:39:04.254Z] [worker-asia-southeast1-academy-637bb044-2387-4c3d-ab96-c1dbb7154cb2]: exited {"metadata":{"emulator":{"name":"functions"},"function":{"name":"asia-southeast1-academy"},"extension":{},"message":"[worker-asia-southeast1-academy-637bb044-2387-4c3d-ab96-c1dbb7154cb2]: exited"}}
[debug] [2024-05-06T03:39:04.254Z] [worker-asia-southeast1-academy-637bb044-2387-4c3d-ab96-c1dbb7154cb2]: FINISHED {"metadata":{"emulator":{"name":"functions"},"function":{"name":"asia-southeast1-academy"},"extension":{},"message":"[worker-asia-southeast1-academy-637bb044-2387-4c3d-ab96-c1dbb7154cb2]: FINISHED"}}
[debug] [2024-05-06T03:39:09.386Z] [work-queue] {"queuedWork":["/meowcart-app/asia-southeast1/academy/-2024-05-06T03:39:09.386Z"],"queueLength":1,"runningWork":[],"workRunningCount":0}
[debug] [2024-05-06T03:39:09.387Z] [work-queue] {"queuedWork":[],"queueLength":0,"runningWork":["/meowcart-app/asia-southeast1/academy/-2024-05-06T03:39:09.386Z"],"workRunningCount":1}
[debug] [2024-05-06T03:39:09.387Z] Accepted request GET /meowcart-app/asia-southeast1/academy/?shop=000undefined-clone --> asia-southeast1-academy
[debug] [2024-05-06T03:39:09.391Z] [functions] Runtime ready! Sending request! {"metadata":{"emulator":{"name":"functions"},"message":"[functions] Runtime ready! Sending request!"}}
[debug] [2024-05-06T03:39:09.391Z] [functions] Got req.url=/meowcart-app/asia-southeast1/academy/?shop=000undefined-clone, mapping to path=/?shop=000undefined-clone {"metadata":{"emulator":{"name":"functions"},"message":"[functions] Got req.url=/meowcart-app/asia-southeast1/academy/?shop=000undefined-clone, mapping to path=/?shop=000undefined-clone"}}
[debug] [2024-05-06T03:39:09.391Z] [worker-pool] Cleaned up workers for asia-southeast1-academy: 1 --> 0 {"metadata":{"emulator":{"name":"functions"},"message":"[worker-pool] Cleaned up workers for asia-southeast1-academy: 1 --> 0"}}
[debug] [2024-05-06T03:39:09.398Z] [worker-pool] addWorker(asia-southeast1-academy) {"metadata":{"emulator":{"name":"functions"},"message":"[worker-pool] addWorker(asia-southeast1-academy)"}}
[debug] [2024-05-06T03:39:09.399Z] [worker-pool] Adding worker with key asia-southeast1-academy, total=1 {"metadata":{"emulator":{"name":"functions"},"message":"[worker-pool] Adding worker with key asia-southeast1-academy, total=1"}}
[debug] [2024-05-06T03:39:10.629Z] [runtime-status] [6488] Resolved module firebase-admin {"declared":true,"installed":true,"version":"12.1.0","resolution":"C:\\Users\\LENOVO\\Desktop\\Practice_Shopify\\Shopify-app-Authenticate\\functions\\node_modules\\firebase-admin\\lib\\index.js"} {"metadata":{"emulator":{"name":"functions"},"function":{"name":"asia-southeast1-academy"},"extension":{},"message":"[runtime-status] [6488] Resolved module firebase-admin {\"declared\":true,\"installed\":true,\"version\":\"12.1.0\",\"resolution\":\"C:\\\\Users\\\\LENOVO\\\\Desktop\\\\Practice_Shopify\\\\Shopify-app-Authenticate\\\\functions\\\\node_modules\\\\firebase-admin\\\\lib\\\\index.js\"}"}}
[debug] [2024-05-06T03:39:10.631Z] [runtime-status] [6488] Resolved module firebase-functions {"declared":true,"installed":true,"version":"5.0.1","resolution":"C:\\Users\\LENOVO\\Desktop\\Practice_Shopify\\Shopify-app-Authenticate\\functions\\node_modules\\firebase-functions\\lib\\v1\\index.js"} {"metadata":{"emulator":{"name":"functions"},"function":{"name":"asia-southeast1-academy"},"extension":{},"message":"[runtime-status] [6488] Resolved module firebase-functions {\"declared\":true,\"installed\":true,\"version\":\"5.0.1\",\"resolution\":\"C:\\\\Users\\\\LENOVO\\\\Desktop\\\\Practice_Shopify\\\\Shopify-app-Authenticate\\\\functions\\\\node_modules\\\\firebase-functions\\\\lib\\\\v1\\\\index.js\"}"}}
[debug] [2024-05-06T03:39:10.631Z] [runtime-status] [6488] Outgoing network have been stubbed. [{"name":"http","status":"mocked"},{"name":"http","status":"mocked"},{"name":"https","status":"mocked"},{"name":"https","status":"mocked"},{"name":"net","status":"mocked"}] {"metadata":{"emulator":{"name":"functions"},"function":{"name":"asia-southeast1-academy"},"extension":{},"message":"[runtime-status] [6488] Outgoing network have been stubbed. [{\"name\":\"http\",\"status\":\"mocked\"},{\"name\":\"http\",\"status\":\"mocked\"},{\"name\":\"https\",\"status\":\"mocked\"},{\"name\":\"https\",\"status\":\"mocked\"},{\"name\":\"net\",\"status\":\"mocked\"}]"}}
[debug] [2024-05-06T03:39:10.632Z] [runtime-status] [6488] Resolved module firebase-functions {"declared":true,"installed":true,"version":"5.0.1","resolution":"C:\\Users\\LENOVO\\Desktop\\Practice_Shopify\\Shopify-app-Authenticate\\functions\\node_modules\\firebase-functions\\lib\\v1\\index.js"} {"metadata":{"emulator":{"name":"functions"},"function":{"name":"asia-southeast1-academy"},"extension":{},"message":"[runtime-status] [6488] Resolved module firebase-functions {\"declared\":true,\"installed\":true,\"version\":\"5.0.1\",\"resolution\":\"C:\\\\Users\\\\LENOVO\\\\Desktop\\\\Practice_Shopify\\\\Shopify-app-Authenticate\\\\functions\\\\node_modules\\\\firebase-functions\\\\lib\\\\v1\\\\index.js\"}"}}
[debug] [2024-05-06T03:39:10.873Z] [runtime-status] [6488] Checked functions.config() {"config":{}} {"metadata":{"emulator":{"name":"functions"},"function":{"name":"asia-southeast1-academy"},"extension":{},"message":"[runtime-status] [6488] Checked functions.config() {\"config\":{}}"}}
[debug] [2024-05-06T03:39:10.874Z] [runtime-status] [6488] firebase-functions has been stubbed. {"functionsResolution":{"declared":true,"installed":true,"version":"5.0.1","resolution":"C:\\Users\\LENOVO\\Desktop\\Practice_Shopify\\Shopify-app-Authenticate\\functions\\node_modules\\firebase-functions\\lib\\v1\\index.js"}} {"metadata":{"emulator":{"name":"functions"},"function":{"name":"asia-southeast1-academy"},"extension":{},"message":"[runtime-status] [6488] firebase-functions has been stubbed. {\"functionsResolution\":{\"declared\":true,\"installed\":true,\"version\":\"5.0.1\",\"resolution\":\"C:\\\\Users\\\\LENOVO\\\\Desktop\\\\Practice_Shopify\\\\Shopify-app-Authenticate\\\\functions\\\\node_modules\\\\firebase-functions\\\\lib\\\\v1\\\\index.js\"}}"}}
[debug] [2024-05-06T03:39:10.875Z] [runtime-status] [6488] Resolved module firebase-functions {"declared":true,"installed":true,"version":"5.0.1","resolution":"C:\\Users\\LENOVO\\Desktop\\Practice_Shopify\\Shopify-app-Authenticate\\functions\\node_modules\\firebase-functions\\lib\\v1\\index.js"} {"metadata":{"emulator":{"name":"functions"},"function":{"name":"asia-southeast1-academy"},"extension":{},"message":"[runtime-status] [6488] Resolved module firebase-functions {\"declared\":true,\"installed\":true,\"version\":\"5.0.1\",\"resolution\":\"C:\\\\Users\\\\LENOVO\\\\Desktop\\\\Practice_Shopify\\\\Shopify-app-Authenticate\\\\functions\\\\node_modules\\\\firebase-functions\\\\lib\\\\v1\\\\index.js\"}"}}
[debug] [2024-05-06T03:39:10.877Z] [runtime-status] [6488] Resolved module firebase-admin {"declared":true,"installed":true,"version":"12.1.0","resolution":"C:\\Users\\LENOVO\\Desktop\\Practice_Shopify\\Shopify-app-Authenticate\\functions\\node_modules\\firebase-admin\\lib\\index.js"} {"metadata":{"emulator":{"name":"functions"},"function":{"name":"asia-southeast1-academy"},"extension":{},"message":"[runtime-status] [6488] Resolved module firebase-admin {\"declared\":true,\"installed\":true,\"version\":\"12.1.0\",\"resolution\":\"C:\\\\Users\\\\LENOVO\\\\Desktop\\\\Practice_Shopify\\\\Shopify-app-Authenticate\\\\functions\\\\node_modules\\\\firebase-admin\\\\lib\\\\index.js\"}"}}
[debug] [2024-05-06T03:39:10.879Z] [runtime-status] [6488] Resolved module firebase-functions {"declared":true,"installed":true,"version":"5.0.1","resolution":"C:\\Users\\LENOVO\\Desktop\\Practice_Shopify\\Shopify-app-Authenticate\\functions\\node_modules\\firebase-functions\\lib\\v1\\index.js"} {"metadata":{"emulator":{"name":"functions"},"function":{"name":"asia-southeast1-academy"},"extension":{},"message":"[runtime-status] [6488] Resolved module firebase-functions {\"declared\":true,\"installed\":true,\"version\":\"5.0.1\",\"resolution\":\"C:\\\\Users\\\\LENOVO\\\\Desktop\\\\Practice_Shopify\\\\Shopify-app-Authenticate\\\\functions\\\\node_modules\\\\firebase-functions\\\\lib\\\\v1\\\\index.js\"}"}}
[debug] [2024-05-06T03:39:10.879Z] [runtime-status] [6488] firebase-admin has been stubbed. {"adminResolution":{"declared":true,"installed":true,"version":"12.1.0","resolution":"C:\\Users\\LENOVO\\Desktop\\Practice_Shopify\\Shopify-app-Authenticate\\functions\\node_modules\\firebase-admin\\lib\\index.js"}} {"metadata":{"emulator":{"name":"functions"},"function":{"name":"asia-southeast1-academy"},"extension":{},"message":"[runtime-status] [6488] firebase-admin has been stubbed. {\"adminResolution\":{\"declared\":true,\"installed\":true,\"version\":\"12.1.0\",\"resolution\":\"C:\\\\Users\\\\LENOVO\\\\Desktop\\\\Practice_Shopify\\\\Shopify-app-Authenticate\\\\functions\\\\node_modules\\\\firebase-admin\\\\lib\\\\index.js\"}}"}}
[debug] [2024-05-06T03:39:11.000Z] [runtime-status] [6488] Functions runtime initialized. {"cwd":"C:\\Users\\LENOVO\\Desktop\\Practice_Shopify\\Shopify-app-Authenticate\\functions","node_version":"18.16.0"} {"metadata":{"emulator":{"name":"functions"},"function":{"name":"asia-southeast1-academy"},"extension":{},"message":"[runtime-status] [6488] Functions runtime initialized. {\"cwd\":\"C:\\\\Users\\\\LENOVO\\\\Desktop\\\\Practice_Shopify\\\\Shopify-app-Authenticate\\\\functions\",\"node_version\":\"18.16.0\"}"}}
[debug] [2024-05-06T03:39:11.001Z] [runtime-status] [6488] Listening to port: \\?\pipe\fire_emu_738a2bdab82b4dc3 {"metadata":{"emulator":{"name":"functions"},"function":{"name":"asia-southeast1-academy"},"extension":{},"message":"[runtime-status] [6488] Listening to port: \\\\?\\pipe\\fire_emu_738a2bdab82b4dc3"}}
[debug] [2024-05-06T03:39:11.017Z] [worker-asia-southeast1-academy-3a2c47ab-e49a-40b2-a2ae-3ea6f49a33bc]: IDLE {"metadata":{"emulator":{"name":"functions"},"function":{"name":"asia-southeast1-academy"},"extension":{},"message":"[worker-asia-southeast1-academy-3a2c47ab-e49a-40b2-a2ae-3ea6f49a33bc]: IDLE"}}
[debug] [2024-05-06T03:39:11.017Z] [worker-pool] submitRequest(triggerId=asia-southeast1-academy) {"metadata":{"emulator":{"name":"functions"},"message":"[worker-pool] submitRequest(triggerId=asia-southeast1-academy)"}}
[info] i  functions: Beginning execution of "asia-southeast1-academy" {"metadata":{"emulator":{"name":"functions"},"function":{"name":"asia-southeast1-academy"},"extension":{},"message":"Beginning execution of \"asia-southeast1-academy\""}}
[debug] [2024-05-06T03:39:11.017Z] [worker-asia-southeast1-academy-3a2c47ab-e49a-40b2-a2ae-3ea6f49a33bc]: BUSY {"metadata":{"emulator":{"name":"functions"},"function":{"name":"asia-southeast1-academy"},"extension":{},"message":"[worker-asia-southeast1-academy-3a2c47ab-e49a-40b2-a2ae-3ea6f49a33bc]: BUSY"}}
[debug] [2024-05-06T03:39:11.037Z] Finishing up request with event=pause {"metadata":{"emulator":{"name":"functions"},"function":{"name":"asia-southeast1-academy"},"extension":{},"message":"Finishing up request with event=pause"}}
[info] i  functions: Finished "asia-southeast1-academy" in 20.0585ms {"metadata":{"emulator":{"name":"functions"},"function":{"name":"asia-southeast1-academy"},"extension":{},"message":"Finished \"asia-southeast1-academy\" in 20.0585ms"}}
[debug] [2024-05-06T03:39:11.038Z] [worker-asia-southeast1-academy-3a2c47ab-e49a-40b2-a2ae-3ea6f49a33bc]: IDLE {"metadata":{"emulator":{"name":"functions"},"function":{"name":"asia-southeast1-academy"},"extension":{},"message":"[worker-asia-southeast1-academy-3a2c47ab-e49a-40b2-a2ae-3ea6f49a33bc]: IDLE"}}
[debug] [2024-05-06T03:39:11.038Z] Finishing up request with event=finish {"metadata":{"emulator":{"name":"functions"},"function":{"name":"asia-southeast1-academy"},"extension":{},"message":"Finishing up request with event=finish"}}
[debug] [2024-05-06T03:39:11.038Z] Finishing up request with event=close {"metadata":{"emulator":{"name":"functions"},"function":{"name":"asia-southeast1-academy"},"extension":{},"message":"Finishing up request with event=close"}}
[debug] [2024-05-06T03:39:11.039Z] [work-queue] {"queuedWork":[],"queueLength":0,"runningWork":[],"workRunningCount":0}
[debug] [2024-05-06T03:39:16.331Z] [work-queue] {"queuedWork":["/meowcart-app/asia-southeast1/academy/callback-2024-05-06T03:39:16.331Z"],"queueLength":1,"runningWork":[],"workRunningCount":0}
[debug] [2024-05-06T03:39:16.331Z] [work-queue] {"queuedWork":[],"queueLength":0,"runningWork":["/meowcart-app/asia-southeast1/academy/callback-2024-05-06T03:39:16.331Z"],"workRunningCount":1}
[debug] [2024-05-06T03:39:16.332Z] Accepted request GET /meowcart-app/asia-southeast1/academy/callback?code=ab25723a077555fb7df253c6877d48a6&hmac=4bb0780dfc4add164865271b7dcd6ed28b79991a1dca7dd2d5efac101f188dce&host=YWRtaW4uc2hvcGlmeS5jb20vc3RvcmUvMDAwdW5kZWZpbmVkLWNsb25l&shop=000undefined-clone.myshopify.com&state=bnO7kr4oY2odnYje6Dcpzg%3D%3D&timestamp=1714966755 --> asia-southeast1-academy
[debug] [2024-05-06T03:39:16.338Z] [functions] Runtime ready! Sending request! {"metadata":{"emulator":{"name":"functions"},"message":"[functions] Runtime ready! Sending request!"}}
[debug] [2024-05-06T03:39:16.340Z] [functions] Got req.url=/meowcart-app/asia-southeast1/academy/callback?code=ab25723a077555fb7df253c6877d48a6&hmac=4bb0780dfc4add164865271b7dcd6ed28b79991a1dca7dd2d5efac101f188dce&host=YWRtaW4uc2hvcGlmeS5jb20vc3RvcmUvMDAwdW5kZWZpbmVkLWNsb25l&shop=000undefined-clone.myshopify.com&state=bnO7kr4oY2odnYje6Dcpzg%3D%3D&timestamp=1714966755, mapping to path=/callback?code=ab25723a077555fb7df253c6877d48a6&hmac=4bb0780dfc4add164865271b7dcd6ed28b79991a1dca7dd2d5efac101f188dce&host=YWRtaW4uc2hvcGlmeS5jb20vc3RvcmUvMDAwdW5kZWZpbmVkLWNsb25l&shop=000undefined-clone.myshopify.com&state=bnO7kr4oY2odnYje6Dcpzg%3D%3D&timestamp=1714966755 {"metadata":{"emulator":{"name":"functions"},"message":"[functions] Got req.url=/meowcart-app/asia-southeast1/academy/callback?code=ab25723a077555fb7df253c6877d48a6&hmac=4bb0780dfc4add164865271b7dcd6ed28b79991a1dca7dd2d5efac101f188dce&host=YWRtaW4uc2hvcGlmeS5jb20vc3RvcmUvMDAwdW5kZWZpbmVkLWNsb25l&shop=000undefined-clone.myshopify.com&state=bnO7kr4oY2odnYje6Dcpzg%3D%3D&timestamp=1714966755, mapping to path=/callback?code=ab25723a077555fb7df253c6877d48a6&hmac=4bb0780dfc4add164865271b7dcd6ed28b79991a1dca7dd2d5efac101f188dce&host=YWRtaW4uc2hvcGlmeS5jb20vc3RvcmUvMDAwdW5kZWZpbmVkLWNsb25l&shop=000undefined-clone.myshopify.com&state=bnO7kr4oY2odnYje6Dcpzg%3D%3D&timestamp=1714966755"}}
[debug] [2024-05-06T03:39:16.340Z] [worker-pool] submitRequest(triggerId=asia-southeast1-academy) {"metadata":{"emulator":{"name":"functions"},"message":"[worker-pool] submitRequest(triggerId=asia-southeast1-academy)"}}
[info] i  functions: Beginning execution of "asia-southeast1-academy" {"metadata":{"emulator":{"name":"functions"},"function":{"name":"asia-southeast1-academy"},"extension":{},"message":"Beginning execution of \"asia-southeast1-academy\""}}
[debug] [2024-05-06T03:39:16.342Z] [worker-asia-southeast1-academy-3a2c47ab-e49a-40b2-a2ae-3ea6f49a33bc]: BUSY {"metadata":{"emulator":{"name":"functions"},"function":{"name":"asia-southeast1-academy"},"extension":{},"message":"[worker-asia-southeast1-academy-3a2c47ab-e49a-40b2-a2ae-3ea6f49a33bc]: BUSY"}}
[info] >  { {"user":"{","metadata":{"emulator":{"name":"functions"},"function":{"name":"asia-southeast1-academy"},"extension":{},"message":"\u001b[90m> \u001b[39m {"}}
[info] >    access_token: 'shpua_08e2a48a809eaa91e246bf4d8561d3f2', {"user":"  access_token: 'shpua_08e2a48a809eaa91e246bf4d8561d3f2',","metadata":{"emulator":{"name":"functions"},"function":{"name":"asia-southeast1-academy"},"extension":{},"message":"\u001b[90m> \u001b[39m   access_token: 'shpua_08e2a48a809eaa91e246bf4d8561d3f2',"}}
[info] >    scope: 'write_products' {"user":"  scope: 'write_products'","metadata":{"emulator":{"name":"functions"},"function":{"name":"asia-southeast1-academy"},"extension":{},"message":"\u001b[90m> \u001b[39m   scope: 'write_products'"}}
[info] >  } {"user":"}","metadata":{"emulator":{"name":"functions"},"function":{"name":"asia-southeast1-academy"},"extension":{},"message":"\u001b[90m> \u001b[39m }"}}
[debug] [2024-05-06T03:39:16.785Z] Finishing up request with event=pause {"metadata":{"emulator":{"name":"functions"},"function":{"name":"asia-southeast1-academy"},"extension":{},"message":"Finishing up request with event=pause"}}
[info] i  functions: Finished "asia-southeast1-academy" in 443.1231ms {"metadata":{"emulator":{"name":"functions"},"function":{"name":"asia-southeast1-academy"},"extension":{},"message":"Finished \"asia-southeast1-academy\" in 443.1231ms"}}
[debug] [2024-05-06T03:39:16.785Z] [worker-asia-southeast1-academy-3a2c47ab-e49a-40b2-a2ae-3ea6f49a33bc]: IDLE {"metadata":{"emulator":{"name":"functions"},"function":{"name":"asia-southeast1-academy"},"extension":{},"message":"[worker-asia-southeast1-academy-3a2c47ab-e49a-40b2-a2ae-3ea6f49a33bc]: IDLE"}}
[debug] [2024-05-06T03:39:16.786Z] Finishing up request with event=finish {"metadata":{"emulator":{"name":"functions"},"function":{"name":"asia-southeast1-academy"},"extension":{},"message":"Finishing up request with event=finish"}}
[debug] [2024-05-06T03:39:16.786Z] Finishing up request with event=close {"metadata":{"emulator":{"name":"functions"},"function":{"name":"asia-southeast1-academy"},"extension":{},"message":"Finishing up request with event=close"}}
[debug] [2024-05-06T03:39:16.786Z] [work-queue] {"queuedWork":[],"queueLength":0,"runningWork":[],"workRunningCount":0}
